2024-06-04 22:06:00.129 [info] Log level: Info
2024-06-04 22:06:00.129 [info] Validating found git in: "git"
2024-06-04 22:06:00.129 [info] Using git "2.45.2" from "git"
2024-06-04 22:06:00.129 [info] > git rev-parse --show-toplevel [3ms]
2024-06-04 22:06:00.130 [info] > git rev-parse --git-dir --git-common-dir [1ms]
2024-06-04 22:06:00.138 [info] Open repository: /home/puhfy/Waffleblox-Website
2024-06-04 22:06:00.144 [info] > git config --get commit.template [2ms]
2024-06-04 22:06:00.150 [info] > git for-each-ref --format=%(refname)%00%(upstream:short)%00%(objectname)%00%(upstream:track)%00%(upstream:remotename)%00%(upstream:remoteref) refs/heads/main refs/remotes/main [2ms]
2024-06-04 22:06:00.153 [warning] ENOENT: no such file or directory, open '/home/puhfy/Waffleblox-Website/.git/refs/remotes/origin/main'
2024-06-04 22:06:00.154 [info] > git rev-parse refs/remotes/origin/main [1ms]
2024-06-04 22:06:00.163 [info] > git status -z -uall [3ms]
2024-06-04 22:06:00.176 [info] > git merge-base refs/heads/main refs/remotes/origin/main [8ms]
2024-06-04 22:06:00.180 [info] > git config --get commit.template [4ms]
2024-06-04 22:06:00.181 [info] > git rev-list --count --left-right refs/heads/main...refs/remotes/origin/main [2ms]
2024-06-04 22:06:00.217 [info] > git for-each-ref --format=%(refname)%00%(upstream:short)%00%(objectname)%00%(upstream:track)%00%(upstream:remotename)%00%(upstream:remoteref) refs/heads/main refs/remotes/main [29ms]
2024-06-04 22:06:00.217 [info] > git diff --name-status -z --diff-filter=ADMR 795b444d7b08885a23fc59e1ca7cbf28bd7e8685...refs/remotes/origin/main [33ms]
2024-06-04 22:06:00.221 [warning] ENOENT: no such file or directory, open '/home/puhfy/Waffleblox-Website/.git/refs/remotes/origin/main'
2024-06-04 22:06:00.223 [info] > git rev-parse refs/remotes/origin/main [2ms]
2024-06-04 22:06:00.230 [info] > git status -z -uall [2ms]
2024-06-04 22:06:00.650 [info] > git check-ignore -v -z --stdin [1ms]
2024-06-04 22:06:03.610 [info] > git show --textconv :index.html [4ms]
2024-06-04 22:06:03.611 [info] > git ls-files --stage -- /home/puhfy/Waffleblox-Website/index.html [1ms]
2024-06-04 22:06:03.616 [info] > git cat-file -s cce42615ea977ca6962450686489f0b504b78fcf [2ms]
2024-06-04 22:06:09.887 [info] > git show --textconv :404.html [4ms]
2024-06-04 22:06:09.888 [info] > git ls-files --stage -- /home/puhfy/Waffleblox-Website/404.html [2ms]
2024-06-04 22:06:10.167 [info] > git check-ignore -v -z --stdin [1ms]
2024-06-04 22:06:10.724 [info] > git config --get commit.template [3ms]
2024-06-04 22:06:10.724 [info] > git for-each-ref --format=%(refname)%00%(upstream:short)%00%(objectname)%00%(upstream:track)%00%(upstream:remotename)%00%(upstream:remoteref) refs/heads/main refs/remotes/main [1ms]
2024-06-04 22:06:10.726 [warning] ENOENT: no such file or directory, open '/home/puhfy/Waffleblox-Website/.git/refs/remotes/origin/main'
2024-06-04 22:06:10.727 [info] > git rev-parse refs/remotes/origin/main [1ms]
2024-06-04 22:06:10.732 [info] > git status -z -uall [2ms]
2024-06-04 22:09:56.058 [info] > git config --get commit.template [5ms]
2024-06-04 22:09:56.058 [info] > git for-each-ref --format=%(refname)%00%(upstream:short)%00%(objectname)%00%(upstream:track)%00%(upstream:remotename)%00%(upstream:remoteref) refs/heads/main refs/remotes/main [0ms]
2024-06-04 22:09:56.062 [warning] ENOENT: no such file or directory, open '/home/puhfy/Waffleblox-Website/.git/refs/remotes/origin/main'
2024-06-04 22:09:56.062 [info] > git rev-parse refs/remotes/origin/main [0ms]
2024-06-04 22:09:56.067 [info] > git status -z -uall [1ms]
2024-06-04 22:09:57.636 [info] > git show --textconv :index.html [4ms]
2024-06-04 22:09:57.636 [info] > git ls-files --stage -- /home/puhfy/Waffleblox-Website/index.html [1ms]
2024-06-04 22:09:57.641 [info] > git cat-file -s cce42615ea977ca6962450686489f0b504b78fcf [1ms]
2024-06-04 22:10:00.765 [info] > git merge-base refs/heads/main refs/remotes/origin/main [2ms]
2024-06-04 22:10:00.772 [info] > git rev-list --count --left-right refs/heads/main...refs/remotes/origin/main [2ms]
2024-06-04 22:19:44.424 [info] > git ls-files --stage -- /home/puhfy/Waffleblox-Website/index.html [2ms]
2024-06-04 22:19:44.428 [info] > git show --textconv :index.html [11ms]
2024-06-04 22:19:44.429 [info] > git cat-file -s cce42615ea977ca6962450686489f0b504b78fcf [1ms]
2024-06-04 22:19:49.815 [info] > git config --get commit.template [6ms]
2024-06-04 22:19:49.817 [info] > git for-each-ref --format=%(refname)%00%(upstream:short)%00%(objectname)%00%(upstream:track)%00%(upstream:remotename)%00%(upstream:remoteref) refs/heads/main refs/remotes/main [2ms]
2024-06-04 22:19:49.823 [warning] ENOENT: no such file or directory, open '/home/puhfy/Waffleblox-Website/.git/refs/remotes/origin/main'
2024-06-04 22:19:49.824 [info] > git rev-parse refs/remotes/origin/main [1ms]
2024-06-04 22:19:49.829 [info] > git status -z -uall [1ms]
2024-06-04 22:19:59.355 [info] > git show --textconv :styles.css [5ms]
2024-06-04 22:19:59.355 [info] > git ls-files --stage -- /home/puhfy/Waffleblox-Website/styles.css [1ms]
2024-06-04 22:19:59.629 [info] > git check-ignore -v -z --stdin [1ms]
2024-06-04 22:20:00.200 [info] > git for-each-ref --format=%(refname)%00%(upstream:short)%00%(objectname)%00%(upstream:track)%00%(upstream:remotename)%00%(upstream:remoteref) refs/heads/main refs/remotes/main [2ms]
2024-06-04 22:20:00.201 [info] > git config --get commit.template [6ms]
2024-06-04 22:20:00.208 [warning] ENOENT: no such file or directory, open '/home/puhfy/Waffleblox-Website/.git/refs/remotes/origin/main'
2024-06-04 22:20:00.209 [info] > git rev-parse refs/remotes/origin/main [1ms]
2024-06-04 22:20:00.219 [info] > git status -z -uall [4ms]
2024-06-04 22:20:01.300 [info] > git show --textconv :index.html [7ms]
2024-06-04 22:20:01.301 [info] > git ls-files --stage -- /home/puhfy/Waffleblox-Website/index.html [2ms]
2024-06-04 22:20:01.306 [info] > git cat-file -s cce42615ea977ca6962450686489f0b504b78fcf [0ms]
2024-06-04 22:23:46.123 [info] > git show --textconv :styles.css [5ms]
2024-06-04 22:23:46.124 [info] > git ls-files --stage -- /home/puhfy/Waffleblox-Website/styles.css [1ms]
2024-06-04 22:23:46.170 [info] > git config --get commit.template [5ms]
2024-06-04 22:23:46.171 [info] > git for-each-ref --format=%(refname)%00%(upstream:short)%00%(objectname)%00%(upstream:track)%00%(upstream:remotename)%00%(upstream:remoteref) refs/heads/main refs/remotes/main [1ms]
2024-06-04 22:23:46.178 [warning] ENOENT: no such file or directory, open '/home/puhfy/Waffleblox-Website/.git/refs/remotes/origin/main'
2024-06-04 22:23:46.179 [info] > git rev-parse refs/remotes/origin/main [1ms]
2024-06-04 22:23:46.185 [info] > git status -z -uall [1ms]
2024-06-04 22:24:42.362 [info] > git config --get commit.template [1ms]
2024-06-04 22:24:42.368 [info] > git for-each-ref --format=%(refname)%00%(upstream:short)%00%(objectname)%00%(upstream:track)%00%(upstream:remotename)%00%(upstream:remoteref) refs/heads/main refs/remotes/main [1ms]
2024-06-04 22:24:42.372 [warning] ENOENT: no such file or directory, open '/home/puhfy/Waffleblox-Website/.git/refs/remotes/origin/main'
2024-06-04 22:24:42.373 [info] > git rev-parse refs/remotes/origin/main [1ms]
2024-06-04 22:24:42.378 [info] > git status -z -uall [1ms]
2024-06-04 22:25:09.300 [info] > git config --get commit.template [6ms]
2024-06-04 22:25:09.301 [info] > git for-each-ref --format=%(refname)%00%(upstream:short)%00%(objectname)%00%(upstream:track)%00%(upstream:remotename)%00%(upstream:remoteref) refs/heads/main refs/remotes/main [1ms]
2024-06-04 22:25:09.305 [warning] ENOENT: no such file or directory, open '/home/puhfy/Waffleblox-Website/.git/refs/remotes/origin/main'
2024-06-04 22:25:09.306 [info] > git rev-parse refs/remotes/origin/main [1ms]
2024-06-04 22:25:09.311 [info] > git status -z -uall [1ms]
2024-06-04 22:25:14.507 [info] > git show --textconv :index.html [5ms]
2024-06-04 22:25:14.508 [info] > git ls-files --stage -- /home/puhfy/Waffleblox-Website/index.html [1ms]
2024-06-04 22:25:14.514 [info] > git cat-file -s cce42615ea977ca6962450686489f0b504b78fcf [1ms]
2024-06-04 22:25:30.786 [info] > git config --get commit.template [10ms]
2024-06-04 22:25:30.786 [info] > git for-each-ref --format=%(refname)%00%(upstream:short)%00%(objectname)%00%(upstream:track)%00%(upstream:remotename)%00%(upstream:remoteref) refs/heads/main refs/remotes/main [1ms]
2024-06-04 22:25:30.791 [warning] ENOENT: no such file or directory, open '/home/puhfy/Waffleblox-Website/.git/refs/remotes/origin/main'
2024-06-04 22:25:30.792 [info] > git rev-parse refs/remotes/origin/main [1ms]
2024-06-04 22:25:30.797 [info] > git status -z -uall [1ms]
2024-06-04 22:26:45.165 [info] > git show --textconv :CNAME [7ms]
2024-06-04 22:26:45.166 [info] > git ls-files --stage -- /home/puhfy/Waffleblox-Website/CNAME [1ms]
2024-06-04 22:26:45.172 [info] > git cat-file -s 8d058c930ad11141c06156bec5c47f7e440507e4 [1ms]
2024-06-04 22:26:47.033 [info] > git show --textconv :README [4ms]
2024-06-04 22:26:47.034 [info] > git ls-files --stage -- /home/puhfy/Waffleblox-Website/README [1ms]
2024-06-04 22:26:47.039 [info] > git cat-file -s a897f8c4bfdc2cf990055304aec6a1fe0879f08d [1ms]
2024-06-04 22:26:47.356 [info] > git show --textconv :styles.css [5ms]
2024-06-04 22:26:47.357 [info] > git ls-files --stage -- /home/puhfy/Waffleblox-Website/styles.css [2ms]
2024-06-04 22:26:52.199 [info] > git config --get commit.template [6ms]
2024-06-04 22:26:52.199 [info] > git for-each-ref --format=%(refname)%00%(upstream:short)%00%(objectname)%00%(upstream:track)%00%(upstream:remotename)%00%(upstream:remoteref) refs/heads/main refs/remotes/main [1ms]
2024-06-04 22:26:52.205 [warning] ENOENT: no such file or directory, open '/home/puhfy/Waffleblox-Website/.git/refs/remotes/origin/main'
2024-06-04 22:26:52.206 [info] > git rev-parse refs/remotes/origin/main [1ms]
2024-06-04 22:26:52.213 [info] > git status -z -uall [1ms]
2024-06-04 22:27:04.281 [info] > git config --get commit.template [1ms]
2024-06-04 22:27:04.287 [info] > git for-each-ref --format=%(refname)%00%(upstream:short)%00%(objectname)%00%(upstream:track)%00%(upstream:remotename)%00%(upstream:remoteref) refs/heads/main refs/remotes/main [1ms]
2024-06-04 22:27:04.290 [warning] ENOENT: no such file or directory, open '/home/puhfy/Waffleblox-Website/.git/refs/remotes/origin/main'
2024-06-04 22:27:04.291 [info] > git rev-parse refs/remotes/origin/main [1ms]
2024-06-04 22:27:04.296 [info] > git status -z -uall [2ms]
2024-06-04 22:27:29.654 [info] > git config --get commit.template [2ms]
2024-06-04 22:27:29.660 [info] > git for-each-ref --format=%(refname)%00%(upstream:short)%00%(objectname)%00%(upstream:track)%00%(upstream:remotename)%00%(upstream:remoteref) refs/heads/main refs/remotes/main [1ms]
2024-06-04 22:27:29.666 [warning] ENOENT: no such file or directory, open '/home/puhfy/Waffleblox-Website/.git/refs/remotes/origin/main'
2024-06-04 22:27:29.667 [info] > git rev-parse refs/remotes/origin/main [0ms]
2024-06-04 22:27:29.672 [info] > git status -z -uall [1ms]
2024-06-04 22:27:47.170 [info] > git config --get commit.template [5ms]
2024-06-04 22:27:47.170 [info] > git for-each-ref --format=%(refname)%00%(upstream:short)%00%(objectname)%00%(upstream:track)%00%(upstream:remotename)%00%(upstream:remoteref) refs/heads/main refs/remotes/main [1ms]
2024-06-04 22:27:47.174 [warning] ENOENT: no such file or directory, open '/home/puhfy/Waffleblox-Website/.git/refs/remotes/origin/main'
2024-06-04 22:27:47.175 [info] > git rev-parse refs/remotes/origin/main [1ms]
2024-06-04 22:27:47.181 [info] > git status -z -uall [2ms]
2024-06-04 22:28:23.618 [info] > git config --get commit.template [5ms]
2024-06-04 22:28:23.619 [info] > git for-each-ref --format=%(refname)%00%(upstream:short)%00%(objectname)%00%(upstream:track)%00%(upstream:remotename)%00%(upstream:remoteref) refs/heads/main refs/remotes/main [1ms]
2024-06-04 22:28:23.624 [warning] ENOENT: no such file or directory, open '/home/puhfy/Waffleblox-Website/.git/refs/remotes/origin/main'
2024-06-04 22:28:23.626 [info] > git rev-parse refs/remotes/origin/main [2ms]
2024-06-04 22:28:23.631 [info] > git status -z -uall [2ms]
2024-06-04 22:34:14.755 [info] > git config --get commit.template [5ms]
2024-06-04 22:34:14.758 [info] > git for-each-ref --format=%(refname)%00%(upstream:short)%00%(objectname)%00%(upstream:track)%00%(upstream:remotename)%00%(upstream:remoteref) refs/heads/main refs/remotes/main [4ms]
2024-06-04 22:34:14.769 [warning] ENOENT: no such file or directory, open '/home/puhfy/Waffleblox-Website/.git/refs/remotes/origin/main'
2024-06-04 22:34:14.770 [info] > git rev-parse refs/remotes/origin/main [1ms]
2024-06-04 22:34:14.776 [info] > git status -z -uall [1ms]
2024-06-04 22:34:25.726 [info] > git config --get commit.template [5ms]
2024-06-04 22:34:25.726 [info] > git for-each-ref --format=%(refname)%00%(upstream:short)%00%(objectname)%00%(upstream:track)%00%(upstream:remotename)%00%(upstream:remoteref) refs/heads/main refs/remotes/main [1ms]
2024-06-04 22:34:25.731 [warning] ENOENT: no such file or directory, open '/home/puhfy/Waffleblox-Website/.git/refs/remotes/origin/main'
2024-06-04 22:34:25.731 [info] > git rev-parse refs/remotes/origin/main [0ms]
2024-06-04 22:34:25.736 [info] > git status -z -uall [1ms]
2024-06-04 22:35:44.569 [info] > git config --get commit.template [8ms]
2024-06-04 22:35:44.571 [info] > git for-each-ref --format=%(refname)%00%(upstream:short)%00%(objectname)%00%(upstream:track)%00%(upstream:remotename)%00%(upstream:remoteref) refs/heads/main refs/remotes/main [4ms]
2024-06-04 22:35:44.577 [warning] ENOENT: no such file or directory, open '/home/puhfy/Waffleblox-Website/.git/refs/remotes/origin/main'
2024-06-04 22:35:44.578 [info] > git rev-parse refs/remotes/origin/main [1ms]
2024-06-04 22:35:44.589 [info] > git status -z -uall [3ms]
2024-06-04 22:36:08.990 [info] > git config --get commit.template [1ms]
2024-06-04 22:36:08.996 [info] > git for-each-ref --format=%(refname)%00%(upstream:short)%00%(objectname)%00%(upstream:track)%00%(upstream:remotename)%00%(upstream:remoteref) refs/heads/main refs/remotes/main [1ms]
2024-06-04 22:36:09.001 [warning] ENOENT: no such file or directory, open '/home/puhfy/Waffleblox-Website/.git/refs/remotes/origin/main'
2024-06-04 22:36:09.002 [info] > git rev-parse refs/remotes/origin/main [1ms]
2024-06-04 22:36:09.011 [info] > git status -z -uall [2ms]
2024-06-04 22:36:32.728 [info] > git config --get commit.template [6ms]
2024-06-04 22:36:32.729 [info] > git for-each-ref --format=%(refname)%00%(upstream:short)%00%(objectname)%00%(upstream:track)%00%(upstream:remotename)%00%(upstream:remoteref) refs/heads/main refs/remotes/main [1ms]
2024-06-04 22:36:32.733 [warning] ENOENT: no such file or directory, open '/home/puhfy/Waffleblox-Website/.git/refs/remotes/origin/main'
2024-06-04 22:36:32.734 [info] > git rev-parse refs/remotes/origin/main [1ms]
2024-06-04 22:36:32.745 [info] > git status -z -uall [1ms]
2024-06-04 22:38:20.349 [info] > git config --get commit.template [7ms]
2024-06-04 22:38:20.350 [info] > git for-each-ref --format=%(refname)%00%(upstream:short)%00%(objectname)%00%(upstream:track)%00%(upstream:remotename)%00%(upstream:remoteref) refs/heads/main refs/remotes/main [3ms]
2024-06-04 22:38:20.358 [warning] ENOENT: no such file or directory, open '/home/puhfy/Waffleblox-Website/.git/refs/remotes/origin/main'
2024-06-04 22:38:20.359 [info] > git rev-parse refs/remotes/origin/main [1ms]
2024-06-04 22:38:20.369 [info] > git status -z -uall [3ms]
2024-06-04 22:39:15.277 [info] > git show --textconv :index.html [15ms]
2024-06-04 22:39:15.279 [info] > git ls-files --stage -- /home/puhfy/Waffleblox-Website/index.html [2ms]
2024-06-04 22:39:15.291 [info] > git cat-file -s cce42615ea977ca6962450686489f0b504b78fcf [1ms]
2024-06-04 22:39:25.626 [info] > git config --get commit.template [11ms]
2024-06-04 22:39:25.632 [info] > git for-each-ref --format=%(refname)%00%(upstream:short)%00%(objectname)%00%(upstream:track)%00%(upstream:remotename)%00%(upstream:remoteref) refs/heads/main refs/remotes/main [6ms]
2024-06-04 22:39:25.646 [warning] ENOENT: no such file or directory, open '/home/puhfy/Waffleblox-Website/.git/refs/remotes/origin/main'
2024-06-04 22:39:25.649 [info] > git rev-parse refs/remotes/origin/main [3ms]
2024-06-04 22:39:25.668 [info] > git status -z -uall [7ms]
2024-06-04 22:39:25.714 [info] > git show --textconv :styles.css [6ms]
2024-06-04 22:39:25.714 [info] > git ls-files --stage -- /home/puhfy/Waffleblox-Website/styles.css [1ms]
2024-06-04 22:39:33.642 [info] > git config --get commit.template [5ms]
2024-06-04 22:39:33.642 [info] > git for-each-ref --format=%(refname)%00%(upstream:short)%00%(objectname)%00%(upstream:track)%00%(upstream:remotename)%00%(upstream:remoteref) refs/heads/main refs/remotes/main [1ms]
2024-06-04 22:39:33.646 [warning] ENOENT: no such file or directory, open '/home/puhfy/Waffleblox-Website/.git/refs/remotes/origin/main'
2024-06-04 22:39:33.647 [info] > git rev-parse refs/remotes/origin/main [1ms]
2024-06-04 22:39:33.654 [info] > git status -z -uall [2ms]
2024-06-04 22:40:50.615 [info] > git config --get commit.template [6ms]
2024-06-04 22:40:50.616 [info] > git for-each-ref --format=%(refname)%00%(upstream:short)%00%(objectname)%00%(upstream:track)%00%(upstream:remotename)%00%(upstream:remoteref) refs/heads/main refs/remotes/main [2ms]
2024-06-04 22:40:50.623 [warning] ENOENT: no such file or directory, open '/home/puhfy/Waffleblox-Website/.git/refs/remotes/origin/main'
2024-06-04 22:40:50.625 [info] > git rev-parse refs/remotes/origin/main [1ms]
2024-06-04 22:40:50.633 [info] > git status -z -uall [3ms]
2024-06-04 22:41:53.627 [info] > git ls-files --stage -- /home/puhfy/Waffleblox-Website/CNAME [6ms]
2024-06-04 22:41:53.633 [info] > git show --textconv :CNAME [17ms]
2024-06-04 22:41:53.634 [info] > git cat-file -s 8d058c930ad11141c06156bec5c47f7e440507e4 [1ms]
2024-06-04 22:41:54.214 [info] > git show --textconv :index.html [5ms]
2024-06-04 22:41:54.214 [info] > git ls-files --stage -- /home/puhfy/Waffleblox-Website/index.html [1ms]
2024-06-04 22:41:54.222 [info] > git cat-file -s cce42615ea977ca6962450686489f0b504b78fcf [1ms]
2024-06-04 22:41:55.094 [info] > git show --textconv :README [5ms]
2024-06-04 22:41:55.095 [info] > git ls-files --stage -- /home/puhfy/Waffleblox-Website/README [1ms]
2024-06-04 22:41:55.101 [info] > git cat-file -s a897f8c4bfdc2cf990055304aec6a1fe0879f08d [1ms]
2024-06-04 22:41:55.628 [info] > git show --textconv :styles.css [13ms]
2024-06-04 22:41:55.629 [info] > git ls-files --stage -- /home/puhfy/Waffleblox-Website/styles.css [1ms]
2024-06-04 22:42:09.398 [info] > git config --get commit.template [4ms]
2024-06-04 22:42:09.426 [info] > git for-each-ref --format=%(refname)%00%(upstream:short)%00%(objectname)%00%(upstream:track)%00%(upstream:remotename)%00%(upstream:remoteref) refs/heads/main refs/remotes/main [6ms]
2024-06-04 22:42:09.438 [warning] ENOENT: no such file or directory, open '/home/puhfy/Waffleblox-Website/.git/refs/remotes/origin/main'
2024-06-04 22:42:09.440 [info] > git rev-parse refs/remotes/origin/main [2ms]
2024-06-04 22:42:09.454 [info] > git status -z -uall [5ms]
2024-06-04 22:42:09.569 [info] > git show --textconv :index.html [10ms]
2024-06-04 22:42:09.569 [info] > git ls-files --stage -- /home/puhfy/Waffleblox-Website/index.html [1ms]
2024-06-04 22:42:09.576 [info] > git cat-file -s cce42615ea977ca6962450686489f0b504b78fcf [1ms]
2024-06-04 22:47:41.885 [info] > git config --get commit.template [7ms]
2024-06-04 22:47:41.887 [info] > git for-each-ref --format=%(refname)%00%(upstream:short)%00%(objectname)%00%(upstream:track)%00%(upstream:remotename)%00%(upstream:remoteref) refs/heads/main refs/remotes/main [3ms]
2024-06-04 22:47:41.897 [warning] ENOENT: no such file or directory, open '/home/puhfy/Waffleblox-Website/.git/refs/remotes/origin/main'
2024-06-04 22:47:41.899 [info] > git rev-parse refs/remotes/origin/main [2ms]
2024-06-04 22:47:41.911 [info] > git status -z -uall [5ms]
2024-06-04 22:47:43.713 [info] > git show --textconv :README [7ms]
2024-06-04 22:47:43.714 [info] > git ls-files --stage -- /home/puhfy/Waffleblox-Website/README [1ms]
2024-06-04 22:47:43.718 [info] > git cat-file -s a897f8c4bfdc2cf990055304aec6a1fe0879f08d [1ms]
2024-06-04 22:47:44.035 [info] > git show --textconv :styles.css [5ms]
2024-06-04 22:47:44.036 [info] > git ls-files --stage -- /home/puhfy/Waffleblox-Website/styles.css [1ms]
2024-06-04 22:47:50.963 [info] > git show --textconv :index.html [7ms]
2024-06-04 22:47:50.964 [info] > git ls-files --stage -- /home/puhfy/Waffleblox-Website/index.html [2ms]
2024-06-04 22:47:50.974 [info] > git cat-file -s cce42615ea977ca6962450686489f0b504b78fcf [1ms]
2024-06-04 22:49:13.044 [info] > git show --textconv :styles.css [6ms]
2024-06-04 22:49:13.044 [info] > git ls-files --stage -- /home/puhfy/Waffleblox-Website/styles.css [1ms]
2024-06-04 22:49:25.475 [info] > git config --get commit.template [6ms]
2024-06-04 22:49:25.476 [info] > git for-each-ref --format=%(refname)%00%(upstream:short)%00%(objectname)%00%(upstream:track)%00%(upstream:remotename)%00%(upstream:remoteref) refs/heads/main refs/remotes/main [1ms]
2024-06-04 22:49:25.480 [warning] ENOENT: no such file or directory, open '/home/puhfy/Waffleblox-Website/.git/refs/remotes/origin/main'
2024-06-04 22:49:25.481 [info] > git rev-parse refs/remotes/origin/main [1ms]
2024-06-04 22:49:25.487 [info] > git status -z -uall [2ms]
2024-06-04 22:50:16.479 [info] > git config --get commit.template [18ms]
2024-06-04 22:50:16.483 [info] > git for-each-ref --format=%(refname)%00%(upstream:short)%00%(objectname)%00%(upstream:track)%00%(upstream:remotename)%00%(upstream:remoteref) refs/heads/main refs/remotes/main [6ms]
2024-06-04 22:50:16.497 [warning] ENOENT: no such file or directory, open '/home/puhfy/Waffleblox-Website/.git/refs/remotes/origin/main'
2024-06-04 22:50:16.499 [info] > git rev-parse refs/remotes/origin/main [2ms]
2024-06-04 22:50:16.521 [info] > git status -z -uall [10ms]
2024-06-04 22:50:58.003 [info] > git config --get commit.template [42ms]
2024-06-04 22:50:58.004 [info] > git for-each-ref --format=%(refname)%00%(upstream:short)%00%(objectname)%00%(upstream:track)%00%(upstream:remotename)%00%(upstream:remoteref) refs/heads/main refs/remotes/main [11ms]
2024-06-04 22:50:58.028 [warning] ENOENT: no such file or directory, open '/home/puhfy/Waffleblox-Website/.git/refs/remotes/origin/main'
2024-06-04 22:50:58.032 [info] > git rev-parse refs/remotes/origin/main [4ms]
2024-06-04 22:50:58.060 [info] > git status -z -uall [9ms]
2024-06-04 22:50:59.391 [info] > git show --textconv :index.html [7ms]
2024-06-04 22:50:59.391 [info] > git ls-files --stage -- /home/puhfy/Waffleblox-Website/index.html [1ms]
2024-06-04 22:50:59.396 [info] > git cat-file -s cce42615ea977ca6962450686489f0b504b78fcf [1ms]
