2024-06-05 01:56:34.895 [info] Reading sessions from keychain...
2024-06-05 01:56:34.895 [info] Getting sessions for all scopes...
2024-06-05 01:56:34.895 [info] Got 0 sessions for ...
2024-06-05 01:56:34.895 [info] Getting sessions for read:user,repo,user:email,workflow...
2024-06-05 01:56:34.895 [info] Got 0 sessions for read:user,repo,user:email,workflow...
2024-06-05 01:56:34.895 [info] Getting sessions for all scopes...
2024-06-05 01:56:34.895 [info] Got 0 sessions for ...
2024-06-05 01:56:34.936 [info] Getting sessions for read:user,repo,user:email,workflow...
2024-06-05 01:56:34.936 [info] Got 0 sessions for read:user,repo,user:email,workflow...
2024-06-05 01:56:35.076 [info] Getting sessions for read:user,repo,user:email,workflow...
2024-06-05 01:56:35.076 [info] Got 0 sessions for read:user,repo,user:email,workflow...
2024-06-05 01:56:35.222 [info] Getting sessions for read:user,repo,user:email,workflow...
2024-06-05 01:56:35.222 [info] Got 0 sessions for read:user,repo,user:email,workflow...
2024-06-05 01:56:35.324 [info] Getting sessions for read:user,repo,user:email,workflow...
2024-06-05 01:56:35.324 [info] Got 0 sessions for read:user,repo,user:email,workflow...
2024-06-05 01:56:45.469 [info] Reading sessions from keychain...
2024-06-05 01:56:45.469 [info] Getting sessions for all scopes...
2024-06-05 01:56:45.469 [info] Got 0 sessions for ...
2024-06-05 01:56:45.469 [info] Getting sessions for read:user,repo,user:email,workflow...
2024-06-05 01:56:45.469 [info] Got 0 sessions for read:user,repo,user:email,workflow...
2024-06-05 01:56:45.469 [info] Getting sessions for all scopes...
2024-06-05 01:56:45.469 [info] Got 0 sessions for ...
