2024-06-01 02:20:04.514 [info] Extension host with pid 348844 started
2024-06-01 02:20:04.514 [info] Skipping acquiring lock for /home/puhfy/.config/Code - OSS/User/workspaceStorage/4799a61489ebf1eefc72d5e4addfc213.
2024-06-01 02:20:04.698 [info] ExtensionService#_doActivateExtension vscode.emmet, startup: false, activationEvent: 'onLanguage'
2024-06-01 02:20:04.704 [info] ExtensionService#_doActivateExtension vscode.php-language-features, startup: false, activationEvent: 'onLanguage:php'
2024-06-01 02:20:04.807 [info] ExtensionService#_doActivateExtension vscode.git-base, startup: true, activationEvent: '*', root cause: vscode.git
2024-06-01 02:20:04.810 [info] ExtensionService#_doActivateExtension cweijan.cweijan-personal-material-icon-theme, startup: true, activationEvent: '*'
2024-06-01 02:20:04.824 [info] ExtensionService#_doActivateExtension vscode.git, startup: true, activationEvent: '*'
2024-06-01 02:20:04.846 [info] ExtensionService#_doActivateExtension vscode.github, startup: true, activationEvent: '*'
2024-06-01 02:20:04.956 [info] Eager extensions activated
2024-06-01 02:20:04.982 [info] ExtensionService#_doActivateExtension vscode.debug-auto-launch, startup: false, activationEvent: 'onStartupFinished'
2024-06-01 02:20:04.983 [info] ExtensionService#_doActivateExtension vscode.merge-conflict, startup: false, activationEvent: 'onStartupFinished'
2024-06-01 02:20:04.989 [info] ExtensionService#_doActivateExtension PKief.material-icon-theme, startup: false, activationEvent: 'onStartupFinished'
2024-06-01 02:20:04.999 [error] Activating extension PKief.material-icon-theme failed due to an error:
2024-06-01 02:20:04.999 [error] Error: command 'material-icon-theme.activateIcons' already exists
	at r.registerCommand (/usr/lib/code/out/vs/workbench/api/node/extensionHostProcess.js:153:188071)
	at Object.registerCommand (/usr/lib/code/out/vs/workbench/api/node/extensionHostProcess.js:163:21876)
	at /home/puhfy/.vscode-oss/extensions/pkief.material-icon-theme-5.3.0-universal/dist/extension.js:2:27353
	at Array.map (<anonymous>)
	at 5885 (/home/puhfy/.vscode-oss/extensions/pkief.material-icon-theme-5.3.0-universal/dist/extension.js:2:27334)
	at n (/home/puhfy/.vscode-oss/extensions/pkief.material-icon-theme-5.3.0-universal/dist/extension.js:2:204690)
	at 112 (/home/puhfy/.vscode-oss/extensions/pkief.material-icon-theme-5.3.0-universal/dist/extension.js:2:31262)
	at n (/home/puhfy/.vscode-oss/extensions/pkief.material-icon-theme-5.3.0-universal/dist/extension.js:2:204690)
	at /home/puhfy/.vscode-oss/extensions/pkief.material-icon-theme-5.3.0-universal/dist/extension.js:2:205194
	at Object.<anonymous> (/home/puhfy/.vscode-oss/extensions/pkief.material-icon-theme-5.3.0-universal/dist/extension.js:2:205219)
	at o._compile (/usr/lib/code/out/vs/loader.js:4:1271)
	at Module._extensions..js (node:internal/modules/cjs/loader:1326:10)
	at Module.load (node:internal/modules/cjs/loader:1126:32)
	at Module._load (node:internal/modules/cjs/loader:967:12)
	at c._load (node:electron/js2c/node_init:2:13672)
	at v._load (/usr/lib/code/out/vs/workbench/api/node/extensionHostProcess.js:176:5607)
	at i._load (/usr/lib/code/out/vs/workbench/api/node/extensionHostProcess.js:173:29719)
	at t._load (/usr/lib/code/out/vs/workbench/api/node/extensionHostProcess.js:138:35317)
	at Module.require (node:internal/modules/cjs/loader:1150:19)
	at require (node:internal/modules/cjs/helpers:119:18)
	at Function.i [as __$__nodeRequire] (/usr/lib/code/out/vs/loader.js:5:98)
	at f.xb (/usr/lib/code/out/vs/workbench/api/node/extensionHostProcess.js:173:30898)
	at async Promise.all (index 0)
2024-06-01 02:20:04.999 [info] ExtensionService#_doActivateExtension zhuangtongfa.material-theme, startup: false, activationEvent: 'onStartupFinished'
2024-06-01 12:05:57.685 [info] Extension host terminating: renderer closed the MessagePort
2024-06-01 12:05:57.692 [info] Extension host with pid 348844 exiting with code 0
