2024-06-05 01:56:30.958 [info] Started local extension host with pid 22735.
2024-06-05 01:56:33.875 [info] [perf] Render performance baseline is 31ms
2024-06-05 01:56:34.219 [warning] [PKief.material-icon-theme]: Cannot register 'material-icon-theme.activeIconPack'. This property is already registered.
2024-06-05 01:56:34.219 [warning] [PKief.material-icon-theme]: Cannot register 'material-icon-theme.files.associations'. This property is already registered.
2024-06-05 01:56:34.219 [warning] [PKief.material-icon-theme]: Cannot register 'material-icon-theme.folders.associations'. This property is already registered.
2024-06-05 01:56:34.219 [warning] [PKief.material-icon-theme]: Cannot register 'material-icon-theme.languages.associations'. This property is already registered.
2024-06-05 01:56:34.219 [warning] [PKief.material-icon-theme]: Cannot register 'material-icon-theme.folders.theme'. This property is already registered.
2024-06-05 01:56:34.219 [warning] [PKief.material-icon-theme]: Cannot register 'material-icon-theme.folders.color'. This property is already registered.
2024-06-05 01:56:34.219 [warning] [PKief.material-icon-theme]: Cannot register 'material-icon-theme.opacity'. This property is already registered.
2024-06-05 01:56:34.219 [warning] [PKief.material-icon-theme]: Cannot register 'material-icon-theme.hidesExplorerArrows'. This property is already registered.
2024-06-05 01:56:34.219 [warning] [PKief.material-icon-theme]: Cannot register 'material-icon-theme.saturation'. This property is already registered.
2024-06-05 01:56:34.226 [info] [PKief.material-icon-theme]: Command `material-icon-theme.activateIcons` already registered by Material Icon Theme (cweijan.cweijan-personal-material-icon-theme)
2024-06-05 01:56:34.226 [info] [PKief.material-icon-theme]: Command `material-icon-theme.toggleIconPacks` already registered by Material Icon Theme (cweijan.cweijan-personal-material-icon-theme)
2024-06-05 01:56:34.226 [info] [PKief.material-icon-theme]: Command `material-icon-theme.changeFolderTheme` already registered by Material Icon Theme (cweijan.cweijan-personal-material-icon-theme)
2024-06-05 01:56:34.226 [info] [PKief.material-icon-theme]: Command `material-icon-theme.changeFolderColor` already registered by Material Icon Theme (cweijan.cweijan-personal-material-icon-theme)
2024-06-05 01:56:34.227 [info] [PKief.material-icon-theme]: Command `material-icon-theme.restoreDefaultConfig` already registered by Material Icon Theme (cweijan.cweijan-personal-material-icon-theme)
2024-06-05 01:56:34.227 [info] [PKief.material-icon-theme]: Command `material-icon-theme.toggleExplorerArrows` already registered by Material Icon Theme (cweijan.cweijan-personal-material-icon-theme)
2024-06-05 01:56:34.227 [info] [PKief.material-icon-theme]: Command `material-icon-theme.changeOpacity` already registered by Material Icon Theme (cweijan.cweijan-personal-material-icon-theme)
2024-06-05 01:56:34.227 [info] [PKief.material-icon-theme]: Command `material-icon-theme.toggleGrayscale` already registered by Material Icon Theme (cweijan.cweijan-personal-material-icon-theme)
2024-06-05 01:56:34.227 [info] [PKief.material-icon-theme]: Command `material-icon-theme.changeSaturation` already registered by Material Icon Theme (cweijan.cweijan-personal-material-icon-theme)
2024-06-05 01:56:44.471 [info] Started local extension host with pid 22950.
2024-06-05 01:56:44.535 [warning] [PKief.material-icon-theme]: Cannot register 'material-icon-theme.activeIconPack'. This property is already registered.
2024-06-05 01:56:44.535 [warning] [PKief.material-icon-theme]: Cannot register 'material-icon-theme.files.associations'. This property is already registered.
2024-06-05 01:56:44.536 [warning] [PKief.material-icon-theme]: Cannot register 'material-icon-theme.folders.associations'. This property is already registered.
2024-06-05 01:56:44.536 [warning] [PKief.material-icon-theme]: Cannot register 'material-icon-theme.languages.associations'. This property is already registered.
2024-06-05 01:56:44.536 [warning] [PKief.material-icon-theme]: Cannot register 'material-icon-theme.folders.theme'. This property is already registered.
2024-06-05 01:56:44.536 [warning] [PKief.material-icon-theme]: Cannot register 'material-icon-theme.folders.color'. This property is already registered.
2024-06-05 01:56:44.536 [warning] [PKief.material-icon-theme]: Cannot register 'material-icon-theme.opacity'. This property is already registered.
2024-06-05 01:56:44.536 [warning] [PKief.material-icon-theme]: Cannot register 'material-icon-theme.hidesExplorerArrows'. This property is already registered.
2024-06-05 01:56:44.536 [warning] [PKief.material-icon-theme]: Cannot register 'material-icon-theme.saturation'. This property is already registered.
2024-06-05 01:56:44.554 [info] [PKief.material-icon-theme]: Command `material-icon-theme.activateIcons` already registered by Material Icon Theme (cweijan.cweijan-personal-material-icon-theme)
2024-06-05 01:56:44.555 [info] [PKief.material-icon-theme]: Command `material-icon-theme.toggleIconPacks` already registered by Material Icon Theme (cweijan.cweijan-personal-material-icon-theme)
2024-06-05 01:56:44.555 [info] [PKief.material-icon-theme]: Command `material-icon-theme.changeFolderTheme` already registered by Material Icon Theme (cweijan.cweijan-personal-material-icon-theme)
2024-06-05 01:56:44.555 [info] [PKief.material-icon-theme]: Command `material-icon-theme.changeFolderColor` already registered by Material Icon Theme (cweijan.cweijan-personal-material-icon-theme)
2024-06-05 01:56:44.555 [info] [PKief.material-icon-theme]: Command `material-icon-theme.restoreDefaultConfig` already registered by Material Icon Theme (cweijan.cweijan-personal-material-icon-theme)
2024-06-05 01:56:44.555 [info] [PKief.material-icon-theme]: Command `material-icon-theme.toggleExplorerArrows` already registered by Material Icon Theme (cweijan.cweijan-personal-material-icon-theme)
2024-06-05 01:56:44.555 [info] [PKief.material-icon-theme]: Command `material-icon-theme.changeOpacity` already registered by Material Icon Theme (cweijan.cweijan-personal-material-icon-theme)
2024-06-05 01:56:44.555 [info] [PKief.material-icon-theme]: Command `material-icon-theme.toggleGrayscale` already registered by Material Icon Theme (cweijan.cweijan-personal-material-icon-theme)
2024-06-05 01:56:44.555 [info] [PKief.material-icon-theme]: Command `material-icon-theme.changeSaturation` already registered by Material Icon Theme (cweijan.cweijan-personal-material-icon-theme)
2024-06-05 01:56:47.158 [info] [perf] Render performance baseline is 30ms
