2024-06-05 01:56:30.819 [info] Added views:workbench.panel.markers.view in workbench.panel.markers
2024-06-05 01:56:30.819 [info] Added views:workbench.panel.output in workbench.panel.output
2024-06-05 01:56:30.819 [info] Added views:terminal in terminal
2024-06-05 01:56:30.819 [info] Added views:workbench.scm in workbench.view.scm
2024-06-05 01:56:30.819 [info] Added views:workbench.view.search in workbench.view.search
2024-06-05 01:56:30.819 [info] Added views:outline in workbench.view.explorer
2024-06-05 01:56:30.819 [info] Added views:timeline in workbench.view.explorer
2024-06-05 01:56:30.819 [info] Added views:workbench.explorer.fileView in workbench.view.explorer
2024-06-05 01:56:31.194 [info] Added views:workbench.debug.variablesView,workbench.debug.watchExpressionsView,workbench.debug.callStackView,workbench.debug.breakPointsView in workbench.view.debug
2024-06-05 01:56:31.297 [info] Added views:workbench.panel.repl.view in workbench.panel.repl
2024-06-05 01:56:31.300 [info] Removed views:workbench.debug.breakPointsView,workbench.debug.callStackView,workbench.debug.watchExpressionsView,workbench.debug.variablesView from workbench.view.debug
2024-06-05 01:56:31.300 [info] Added views:workbench.debug.welcome in workbench.view.debug
2024-06-05 01:56:31.325 [info] Added views:~remote.forwardedPorts in ~remote.forwardedPortsContainer
2024-06-05 01:56:44.268 [info] Added views:workbench.panel.markers.view in workbench.panel.markers
2024-06-05 01:56:44.268 [info] Added views:workbench.panel.output in workbench.panel.output
2024-06-05 01:56:44.268 [info] Added views:terminal in terminal
2024-06-05 01:56:44.268 [info] Added views:outline in workbench.view.explorer
2024-06-05 01:56:44.268 [info] Added views:workbench.scm in workbench.view.scm
2024-06-05 01:56:44.268 [info] Added views:workbench.view.search in workbench.view.search
2024-06-05 01:56:44.268 [info] Added views:timeline in workbench.view.explorer
2024-06-05 01:56:44.268 [info] Added views:workbench.explorer.fileView in workbench.view.explorer
2024-06-05 01:56:44.498 [info] Added views:workbench.debug.welcome in workbench.view.debug
2024-06-05 01:56:44.801 [info] Added views:workbench.panel.repl.view in workbench.panel.repl
2024-06-05 01:56:45.055 [info] Added views:~remote.forwardedPorts in ~remote.forwardedPortsContainer
