2024-06-04 23:24:56.498 [info] Log level: Info
2024-06-04 23:24:56.498 [info] Validating found git in: "git"
2024-06-04 23:24:56.498 [info] Using git "2.45.2" from "git"
2024-06-04 23:24:56.498 [info] > git rev-parse --show-toplevel [3ms]
2024-06-04 23:24:56.498 [info] > git rev-parse --git-dir --git-common-dir [45ms]
2024-06-04 23:24:56.498 [info] Open repository: /home/puhfy/Waffleblox-Website
2024-06-04 23:24:56.503 [info] > git config --get commit.template [2ms]
2024-06-04 23:24:56.511 [info] > git for-each-ref --format=%(refname)%00%(upstream:short)%00%(objectname)%00%(upstream:track)%00%(upstream:remotename)%00%(upstream:remoteref) refs/heads/main refs/remotes/main [3ms]
2024-06-04 23:24:56.516 [warning] ENOENT: no such file or directory, open '/home/puhfy/Waffleblox-Website/.git/refs/remotes/origin/main'
2024-06-04 23:24:56.517 [info] > git rev-parse refs/remotes/origin/main [2ms]
2024-06-04 23:24:56.524 [info] > git status -z -uall [3ms]
2024-06-04 23:24:56.537 [info] > git merge-base refs/heads/main refs/remotes/origin/main [8ms]
2024-06-04 23:24:56.542 [info] > git config --get commit.template [5ms]
2024-06-04 23:24:56.542 [info] > git rev-list --count --left-right refs/heads/main...refs/remotes/origin/main [2ms]
2024-06-04 23:24:56.566 [info] > git for-each-ref --format=%(refname)%00%(upstream:short)%00%(objectname)%00%(upstream:track)%00%(upstream:remotename)%00%(upstream:remoteref) refs/heads/main refs/remotes/main [14ms]
2024-06-04 23:24:56.566 [info] > git diff --name-status -z --diff-filter=ADMR 795b444d7b08885a23fc59e1ca7cbf28bd7e8685...refs/remotes/origin/main [18ms]
2024-06-04 23:24:56.570 [warning] ENOENT: no such file or directory, open '/home/puhfy/Waffleblox-Website/.git/refs/remotes/origin/main'
2024-06-04 23:24:56.571 [info] > git rev-parse refs/remotes/origin/main [1ms]
2024-06-04 23:24:56.578 [info] > git status -z -uall [3ms]
2024-06-04 23:24:56.816 [info] > git show --textconv :index.html [4ms]
2024-06-04 23:24:56.817 [info] > git ls-files --stage -- /home/puhfy/Waffleblox-Website/index.html [1ms]
2024-06-04 23:24:56.823 [info] > git cat-file -s cce42615ea977ca6962450686489f0b504b78fcf [2ms]
2024-06-04 23:24:57.000 [info] > git check-ignore -v -z --stdin [1ms]
2024-06-04 23:31:26.636 [info] > git show --textconv :styles.css [6ms]
2024-06-04 23:31:26.637 [info] > git ls-files --stage -- /home/puhfy/Waffleblox-Website/styles.css [2ms]
2024-06-05 00:10:47.858 [info] > git show --textconv :index.html [4ms]
2024-06-05 00:10:47.859 [info] > git ls-files --stage -- /home/puhfy/Waffleblox-Website/index.html [2ms]
2024-06-05 00:10:47.864 [info] > git cat-file -s cce42615ea977ca6962450686489f0b504b78fcf [0ms]
2024-06-05 00:11:53.050 [info] > git show --textconv :styles.css [6ms]
2024-06-05 00:11:53.051 [info] > git ls-files --stage -- /home/puhfy/Waffleblox-Website/styles.css [2ms]
2024-06-05 00:14:40.011 [info] > git for-each-ref --format=%(refname)%00%(upstream:short)%00%(objectname)%00%(upstream:track)%00%(upstream:remotename)%00%(upstream:remoteref) refs/heads/main refs/remotes/main [2ms]
2024-06-05 00:14:40.012 [info] > git config --get commit.template [8ms]
2024-06-05 00:14:40.015 [warning] ENOENT: no such file or directory, open '/home/puhfy/Waffleblox-Website/.git/refs/remotes/origin/main'
2024-06-05 00:14:40.016 [info] > git rev-parse refs/remotes/origin/main [1ms]
2024-06-05 00:14:40.020 [info] > git status -z -uall [1ms]
2024-06-05 00:16:36.324 [info] > git config --get commit.template [4ms]
2024-06-05 00:16:36.325 [info] > git for-each-ref --format=%(refname)%00%(upstream:short)%00%(objectname)%00%(upstream:track)%00%(upstream:remotename)%00%(upstream:remoteref) refs/heads/main refs/remotes/main [2ms]
2024-06-05 00:16:36.328 [warning] ENOENT: no such file or directory, open '/home/puhfy/Waffleblox-Website/.git/refs/remotes/origin/main'
2024-06-05 00:16:36.329 [info] > git rev-parse refs/remotes/origin/main [1ms]
2024-06-05 00:16:36.333 [info] > git status -z -uall [1ms]
2024-06-05 00:16:42.845 [info] > git config --get commit.template [3ms]
2024-06-05 00:16:42.845 [info] > git for-each-ref --format=%(refname)%00%(upstream:short)%00%(objectname)%00%(upstream:track)%00%(upstream:remotename)%00%(upstream:remoteref) refs/heads/main refs/remotes/main [1ms]
2024-06-05 00:16:42.848 [warning] ENOENT: no such file or directory, open '/home/puhfy/Waffleblox-Website/.git/refs/remotes/origin/main'
2024-06-05 00:16:42.849 [info] > git rev-parse refs/remotes/origin/main [1ms]
2024-06-05 00:16:42.854 [info] > git status -z -uall [2ms]
2024-06-05 00:16:57.442 [info] > git config --get commit.template [5ms]
2024-06-05 00:16:57.442 [info] > git for-each-ref --format=%(refname)%00%(upstream:short)%00%(objectname)%00%(upstream:track)%00%(upstream:remotename)%00%(upstream:remoteref) refs/heads/main refs/remotes/main [1ms]
2024-06-05 00:16:57.446 [warning] ENOENT: no such file or directory, open '/home/puhfy/Waffleblox-Website/.git/refs/remotes/origin/main'
2024-06-05 00:16:57.447 [info] > git rev-parse refs/remotes/origin/main [0ms]
2024-06-05 00:16:57.451 [info] > git status -z -uall [1ms]
2024-06-05 00:17:03.061 [info] > git config --get commit.template [5ms]
2024-06-05 00:17:03.061 [info] > git for-each-ref --format=%(refname)%00%(upstream:short)%00%(objectname)%00%(upstream:track)%00%(upstream:remotename)%00%(upstream:remoteref) refs/heads/main refs/remotes/main [1ms]
2024-06-05 00:17:03.065 [warning] ENOENT: no such file or directory, open '/home/puhfy/Waffleblox-Website/.git/refs/remotes/origin/main'
2024-06-05 00:17:03.066 [info] > git rev-parse refs/remotes/origin/main [1ms]
2024-06-05 00:17:03.071 [info] > git status -z -uall [1ms]
2024-06-05 00:17:09.209 [info] > git config --get commit.template [4ms]
2024-06-05 00:17:09.210 [info] > git for-each-ref --format=%(refname)%00%(upstream:short)%00%(objectname)%00%(upstream:track)%00%(upstream:remotename)%00%(upstream:remoteref) refs/heads/main refs/remotes/main [1ms]
2024-06-05 00:17:09.214 [warning] ENOENT: no such file or directory, open '/home/puhfy/Waffleblox-Website/.git/refs/remotes/origin/main'
2024-06-05 00:17:09.215 [info] > git rev-parse refs/remotes/origin/main [1ms]
2024-06-05 00:17:09.220 [info] > git status -z -uall [1ms]
2024-06-05 00:17:16.230 [info] > git show --textconv :index.html [4ms]
2024-06-05 00:17:16.230 [info] > git ls-files --stage -- /home/puhfy/Waffleblox-Website/index.html [1ms]
2024-06-05 00:17:16.234 [info] > git cat-file -s cce42615ea977ca6962450686489f0b504b78fcf [1ms]
2024-06-05 00:17:18.161 [info] > git show --textconv :styles.css [3ms]
2024-06-05 00:17:18.161 [info] > git ls-files --stage -- /home/puhfy/Waffleblox-Website/styles.css [1ms]
2024-06-05 00:17:26.140 [info] > git config --get commit.template [3ms]
2024-06-05 00:17:26.151 [info] > git for-each-ref --format=%(refname)%00%(upstream:short)%00%(objectname)%00%(upstream:track)%00%(upstream:remotename)%00%(upstream:remoteref) refs/heads/main refs/remotes/main [1ms]
2024-06-05 00:17:26.156 [warning] ENOENT: no such file or directory, open '/home/puhfy/Waffleblox-Website/.git/refs/remotes/origin/main'
2024-06-05 00:17:26.157 [info] > git rev-parse refs/remotes/origin/main [1ms]
2024-06-05 00:17:26.164 [info] > git status -z -uall [1ms]
2024-06-05 00:17:32.579 [info] > git config --get commit.template [4ms]
2024-06-05 00:17:32.580 [info] > git for-each-ref --format=%(refname)%00%(upstream:short)%00%(objectname)%00%(upstream:track)%00%(upstream:remotename)%00%(upstream:remoteref) refs/heads/main refs/remotes/main [1ms]
2024-06-05 00:17:32.585 [warning] ENOENT: no such file or directory, open '/home/puhfy/Waffleblox-Website/.git/refs/remotes/origin/main'
2024-06-05 00:17:32.586 [info] > git rev-parse refs/remotes/origin/main [1ms]
2024-06-05 00:17:32.590 [info] > git status -z -uall [1ms]
2024-06-05 00:18:05.976 [info] > git config --get commit.template [4ms]
2024-06-05 00:18:05.977 [info] > git for-each-ref --format=%(refname)%00%(upstream:short)%00%(objectname)%00%(upstream:track)%00%(upstream:remotename)%00%(upstream:remoteref) refs/heads/main refs/remotes/main [2ms]
2024-06-05 00:18:05.980 [warning] ENOENT: no such file or directory, open '/home/puhfy/Waffleblox-Website/.git/refs/remotes/origin/main'
2024-06-05 00:18:05.980 [info] > git rev-parse refs/remotes/origin/main [0ms]
2024-06-05 00:18:05.985 [info] > git status -z -uall [1ms]
2024-06-05 00:18:19.512 [info] > git config --get commit.template [2ms]
2024-06-05 00:18:19.518 [info] > git for-each-ref --format=%(refname)%00%(upstream:short)%00%(objectname)%00%(upstream:track)%00%(upstream:remotename)%00%(upstream:remoteref) refs/heads/main refs/remotes/main [2ms]
2024-06-05 00:18:19.521 [warning] ENOENT: no such file or directory, open '/home/puhfy/Waffleblox-Website/.git/refs/remotes/origin/main'
2024-06-05 00:18:19.522 [info] > git rev-parse refs/remotes/origin/main [1ms]
2024-06-05 00:18:19.526 [info] > git status -z -uall [1ms]
2024-06-05 00:18:29.291 [info] > git config --get commit.template [5ms]
2024-06-05 00:18:29.292 [info] > git for-each-ref --format=%(refname)%00%(upstream:short)%00%(objectname)%00%(upstream:track)%00%(upstream:remotename)%00%(upstream:remoteref) refs/heads/main refs/remotes/main [1ms]
2024-06-05 00:18:29.295 [warning] ENOENT: no such file or directory, open '/home/puhfy/Waffleblox-Website/.git/refs/remotes/origin/main'
2024-06-05 00:18:29.296 [info] > git rev-parse refs/remotes/origin/main [1ms]
2024-06-05 00:18:29.300 [info] > git status -z -uall [1ms]
2024-06-05 00:18:53.194 [info] > git config --get commit.template [4ms]
2024-06-05 00:18:53.195 [info] > git for-each-ref --format=%(refname)%00%(upstream:short)%00%(objectname)%00%(upstream:track)%00%(upstream:remotename)%00%(upstream:remoteref) refs/heads/main refs/remotes/main [1ms]
2024-06-05 00:18:53.198 [warning] ENOENT: no such file or directory, open '/home/puhfy/Waffleblox-Website/.git/refs/remotes/origin/main'
2024-06-05 00:18:53.198 [info] > git rev-parse refs/remotes/origin/main [0ms]
2024-06-05 00:18:53.202 [info] > git status -z -uall [1ms]
2024-06-05 00:19:03.606 [info] > git config --get commit.template [7ms]
2024-06-05 00:19:03.606 [info] > git for-each-ref --format=%(refname)%00%(upstream:short)%00%(objectname)%00%(upstream:track)%00%(upstream:remotename)%00%(upstream:remoteref) refs/heads/main refs/remotes/main [1ms]
2024-06-05 00:19:03.612 [warning] ENOENT: no such file or directory, open '/home/puhfy/Waffleblox-Website/.git/refs/remotes/origin/main'
2024-06-05 00:19:03.613 [info] > git rev-parse refs/remotes/origin/main [1ms]
2024-06-05 00:19:03.622 [info] > git status -z -uall [3ms]
2024-06-05 00:19:44.584 [info] > git config --get commit.template [6ms]
2024-06-05 00:19:44.586 [info] > git for-each-ref --format=%(refname)%00%(upstream:short)%00%(objectname)%00%(upstream:track)%00%(upstream:remotename)%00%(upstream:remoteref) refs/heads/main refs/remotes/main [2ms]
2024-06-05 00:19:44.589 [warning] ENOENT: no such file or directory, open '/home/puhfy/Waffleblox-Website/.git/refs/remotes/origin/main'
2024-06-05 00:19:44.589 [info] > git rev-parse refs/remotes/origin/main [1ms]
2024-06-05 00:19:44.595 [info] > git status -z -uall [3ms]
2024-06-05 00:19:52.870 [info] > git config --get commit.template [2ms]
2024-06-05 00:19:52.875 [info] > git for-each-ref --format=%(refname)%00%(upstream:short)%00%(objectname)%00%(upstream:track)%00%(upstream:remotename)%00%(upstream:remoteref) refs/heads/main refs/remotes/main [1ms]
2024-06-05 00:19:52.879 [warning] ENOENT: no such file or directory, open '/home/puhfy/Waffleblox-Website/.git/refs/remotes/origin/main'
2024-06-05 00:19:52.880 [info] > git rev-parse refs/remotes/origin/main [1ms]
2024-06-05 00:19:52.885 [info] > git status -z -uall [2ms]
2024-06-05 00:19:55.727 [info] > git show --textconv :index.html [4ms]
2024-06-05 00:19:55.728 [info] > git ls-files --stage -- /home/puhfy/Waffleblox-Website/index.html [1ms]
2024-06-05 00:19:55.732 [info] > git cat-file -s cce42615ea977ca6962450686489f0b504b78fcf [1ms]
2024-06-05 00:20:12.899 [info] > git config --get commit.template [5ms]
2024-06-05 00:20:12.900 [info] > git for-each-ref --format=%(refname)%00%(upstream:short)%00%(objectname)%00%(upstream:track)%00%(upstream:remotename)%00%(upstream:remoteref) refs/heads/main refs/remotes/main [2ms]
2024-06-05 00:20:12.903 [warning] ENOENT: no such file or directory, open '/home/puhfy/Waffleblox-Website/.git/refs/remotes/origin/main'
2024-06-05 00:20:12.904 [info] > git rev-parse refs/remotes/origin/main [0ms]
2024-06-05 00:20:12.909 [info] > git status -z -uall [2ms]
2024-06-05 00:20:16.171 [info] > git show --textconv :styles.css [5ms]
2024-06-05 00:20:16.172 [info] > git ls-files --stage -- /home/puhfy/Waffleblox-Website/styles.css [2ms]
2024-06-05 00:20:24.339 [info] > git config --get commit.template [4ms]
2024-06-05 00:20:24.339 [info] > git for-each-ref --format=%(refname)%00%(upstream:short)%00%(objectname)%00%(upstream:track)%00%(upstream:remotename)%00%(upstream:remoteref) refs/heads/main refs/remotes/main [1ms]
2024-06-05 00:20:24.345 [warning] ENOENT: no such file or directory, open '/home/puhfy/Waffleblox-Website/.git/refs/remotes/origin/main'
2024-06-05 00:20:24.346 [info] > git rev-parse refs/remotes/origin/main [1ms]
2024-06-05 00:20:24.350 [info] > git status -z -uall [1ms]
2024-06-05 00:20:50.627 [info] > git config --get commit.template [1ms]
2024-06-05 00:20:50.633 [info] > git for-each-ref --format=%(refname)%00%(upstream:short)%00%(objectname)%00%(upstream:track)%00%(upstream:remotename)%00%(upstream:remoteref) refs/heads/main refs/remotes/main [1ms]
2024-06-05 00:20:50.637 [warning] ENOENT: no such file or directory, open '/home/puhfy/Waffleblox-Website/.git/refs/remotes/origin/main'
2024-06-05 00:20:50.638 [info] > git rev-parse refs/remotes/origin/main [1ms]
2024-06-05 00:20:50.650 [info] > git status -z -uall [6ms]
2024-06-05 00:20:58.882 [info] > git config --get commit.template [3ms]
2024-06-05 00:20:58.883 [info] > git for-each-ref --format=%(refname)%00%(upstream:short)%00%(objectname)%00%(upstream:track)%00%(upstream:remotename)%00%(upstream:remoteref) refs/heads/main refs/remotes/main [1ms]
2024-06-05 00:20:58.887 [warning] ENOENT: no such file or directory, open '/home/puhfy/Waffleblox-Website/.git/refs/remotes/origin/main'
2024-06-05 00:20:58.888 [info] > git rev-parse refs/remotes/origin/main [1ms]
2024-06-05 00:20:58.892 [info] > git status -z -uall [1ms]
2024-06-05 00:21:03.903 [info] > git config --get commit.template [4ms]
2024-06-05 00:21:03.904 [info] > git for-each-ref --format=%(refname)%00%(upstream:short)%00%(objectname)%00%(upstream:track)%00%(upstream:remotename)%00%(upstream:remoteref) refs/heads/main refs/remotes/main [1ms]
2024-06-05 00:21:03.907 [warning] ENOENT: no such file or directory, open '/home/puhfy/Waffleblox-Website/.git/refs/remotes/origin/main'
2024-06-05 00:21:03.908 [info] > git rev-parse refs/remotes/origin/main [1ms]
2024-06-05 00:21:03.913 [info] > git status -z -uall [1ms]
2024-06-05 00:21:08.921 [info] > git config --get commit.template [1ms]
2024-06-05 00:21:08.926 [info] > git for-each-ref --format=%(refname)%00%(upstream:short)%00%(objectname)%00%(upstream:track)%00%(upstream:remotename)%00%(upstream:remoteref) refs/heads/main refs/remotes/main [1ms]
2024-06-05 00:21:08.931 [warning] ENOENT: no such file or directory, open '/home/puhfy/Waffleblox-Website/.git/refs/remotes/origin/main'
2024-06-05 00:21:08.931 [info] > git rev-parse refs/remotes/origin/main [1ms]
2024-06-05 00:21:08.939 [info] > git status -z -uall [1ms]
2024-06-05 00:21:51.285 [info] > git config --get commit.template [0ms]
2024-06-05 00:21:51.299 [info] > git for-each-ref --format=%(refname)%00%(upstream:short)%00%(objectname)%00%(upstream:track)%00%(upstream:remotename)%00%(upstream:remoteref) refs/heads/main refs/remotes/main [3ms]
2024-06-05 00:21:51.302 [warning] ENOENT: no such file or directory, open '/home/puhfy/Waffleblox-Website/.git/refs/remotes/origin/main'
2024-06-05 00:21:51.303 [info] > git rev-parse refs/remotes/origin/main [1ms]
2024-06-05 00:21:51.311 [info] > git status -z -uall [1ms]
2024-06-05 00:22:54.639 [info] > git config --get commit.template [5ms]
2024-06-05 00:22:54.639 [info] > git for-each-ref --format=%(refname)%00%(upstream:short)%00%(objectname)%00%(upstream:track)%00%(upstream:remotename)%00%(upstream:remoteref) refs/heads/main refs/remotes/main [1ms]
2024-06-05 00:22:54.642 [warning] ENOENT: no such file or directory, open '/home/puhfy/Waffleblox-Website/.git/refs/remotes/origin/main'
2024-06-05 00:22:54.643 [info] > git rev-parse refs/remotes/origin/main [1ms]
2024-06-05 00:22:54.647 [info] > git status -z -uall [1ms]
2024-06-05 00:24:47.814 [info] > git config --get commit.template [5ms]
2024-06-05 00:24:47.814 [info] > git for-each-ref --format=%(refname)%00%(upstream:short)%00%(objectname)%00%(upstream:track)%00%(upstream:remotename)%00%(upstream:remoteref) refs/heads/main refs/remotes/main [1ms]
2024-06-05 00:24:47.818 [warning] ENOENT: no such file or directory, open '/home/puhfy/Waffleblox-Website/.git/refs/remotes/origin/main'
2024-06-05 00:24:47.819 [info] > git rev-parse refs/remotes/origin/main [1ms]
2024-06-05 00:24:47.824 [info] > git status -z -uall [1ms]
2024-06-05 00:24:56.073 [info] > git config --get commit.template [4ms]
2024-06-05 00:24:56.074 [info] > git for-each-ref --format=%(refname)%00%(upstream:short)%00%(objectname)%00%(upstream:track)%00%(upstream:remotename)%00%(upstream:remoteref) refs/heads/main refs/remotes/main [2ms]
2024-06-05 00:24:56.077 [warning] ENOENT: no such file or directory, open '/home/puhfy/Waffleblox-Website/.git/refs/remotes/origin/main'
2024-06-05 00:24:56.078 [info] > git rev-parse refs/remotes/origin/main [1ms]
2024-06-05 00:24:56.082 [info] > git status -z -uall [1ms]
2024-06-05 00:25:08.311 [info] > git show --textconv :index.html [5ms]
2024-06-05 00:25:08.312 [info] > git ls-files --stage -- /home/puhfy/Waffleblox-Website/index.html [1ms]
2024-06-05 00:25:08.317 [info] > git cat-file -s cce42615ea977ca6962450686489f0b504b78fcf [1ms]
2024-06-05 00:25:10.587 [info] > git show --textconv :styles.css [4ms]
2024-06-05 00:25:10.588 [info] > git ls-files --stage -- /home/puhfy/Waffleblox-Website/styles.css [1ms]
2024-06-05 00:25:21.904 [info] > git config --get commit.template [4ms]
2024-06-05 00:25:21.905 [info] > git for-each-ref --format=%(refname)%00%(upstream:short)%00%(objectname)%00%(upstream:track)%00%(upstream:remotename)%00%(upstream:remoteref) refs/heads/main refs/remotes/main [1ms]
2024-06-05 00:25:21.908 [warning] ENOENT: no such file or directory, open '/home/puhfy/Waffleblox-Website/.git/refs/remotes/origin/main'
2024-06-05 00:25:21.908 [info] > git rev-parse refs/remotes/origin/main [0ms]
2024-06-05 00:25:21.912 [info] > git status -z -uall [1ms]
2024-06-05 00:25:48.991 [info] > git config --get commit.template [4ms]
2024-06-05 00:25:48.991 [info] > git for-each-ref --format=%(refname)%00%(upstream:short)%00%(objectname)%00%(upstream:track)%00%(upstream:remotename)%00%(upstream:remoteref) refs/heads/main refs/remotes/main [1ms]
2024-06-05 00:25:48.995 [warning] ENOENT: no such file or directory, open '/home/puhfy/Waffleblox-Website/.git/refs/remotes/origin/main'
2024-06-05 00:25:48.997 [info] > git rev-parse refs/remotes/origin/main [2ms]
2024-06-05 00:25:49.002 [info] > git status -z -uall [1ms]
2024-06-05 00:25:55.199 [info] > git config --get commit.template [6ms]
2024-06-05 00:25:55.200 [info] > git for-each-ref --format=%(refname)%00%(upstream:short)%00%(objectname)%00%(upstream:track)%00%(upstream:remotename)%00%(upstream:remoteref) refs/heads/main refs/remotes/main [1ms]
2024-06-05 00:25:55.205 [warning] ENOENT: no such file or directory, open '/home/puhfy/Waffleblox-Website/.git/refs/remotes/origin/main'
2024-06-05 00:25:55.205 [info] > git rev-parse refs/remotes/origin/main [0ms]
2024-06-05 00:25:55.210 [info] > git status -z -uall [1ms]
2024-06-05 00:26:03.034 [info] > git config --get commit.template [4ms]
2024-06-05 00:26:03.034 [info] > git for-each-ref --format=%(refname)%00%(upstream:short)%00%(objectname)%00%(upstream:track)%00%(upstream:remotename)%00%(upstream:remoteref) refs/heads/main refs/remotes/main [1ms]
2024-06-05 00:26:03.037 [warning] ENOENT: no such file or directory, open '/home/puhfy/Waffleblox-Website/.git/refs/remotes/origin/main'
2024-06-05 00:26:03.038 [info] > git rev-parse refs/remotes/origin/main [1ms]
2024-06-05 00:26:03.042 [info] > git status -z -uall [1ms]
2024-06-05 00:26:12.316 [info] > git config --get commit.template [6ms]
2024-06-05 00:26:12.317 [info] > git for-each-ref --format=%(refname)%00%(upstream:short)%00%(objectname)%00%(upstream:track)%00%(upstream:remotename)%00%(upstream:remoteref) refs/heads/main refs/remotes/main [1ms]
2024-06-05 00:26:12.320 [warning] ENOENT: no such file or directory, open '/home/puhfy/Waffleblox-Website/.git/refs/remotes/origin/main'
2024-06-05 00:26:12.321 [info] > git rev-parse refs/remotes/origin/main [1ms]
2024-06-05 00:26:12.326 [info] > git status -z -uall [2ms]
2024-06-05 00:26:29.667 [info] > git config --get commit.template [5ms]
2024-06-05 00:26:29.667 [info] > git for-each-ref --format=%(refname)%00%(upstream:short)%00%(objectname)%00%(upstream:track)%00%(upstream:remotename)%00%(upstream:remoteref) refs/heads/main refs/remotes/main [1ms]
2024-06-05 00:26:29.671 [warning] ENOENT: no such file or directory, open '/home/puhfy/Waffleblox-Website/.git/refs/remotes/origin/main'
2024-06-05 00:26:29.672 [info] > git rev-parse refs/remotes/origin/main [1ms]
2024-06-05 00:26:29.678 [info] > git status -z -uall [2ms]
2024-06-05 00:26:44.354 [info] > git config --get commit.template [4ms]
2024-06-05 00:26:44.354 [info] > git for-each-ref --format=%(refname)%00%(upstream:short)%00%(objectname)%00%(upstream:track)%00%(upstream:remotename)%00%(upstream:remoteref) refs/heads/main refs/remotes/main [0ms]
2024-06-05 00:26:44.357 [warning] ENOENT: no such file or directory, open '/home/puhfy/Waffleblox-Website/.git/refs/remotes/origin/main'
2024-06-05 00:26:44.358 [info] > git rev-parse refs/remotes/origin/main [1ms]
2024-06-05 00:26:44.362 [info] > git status -z -uall [1ms]
2024-06-05 00:27:02.248 [info] > git config --get commit.template [5ms]
2024-06-05 00:27:02.248 [info] > git for-each-ref --format=%(refname)%00%(upstream:short)%00%(objectname)%00%(upstream:track)%00%(upstream:remotename)%00%(upstream:remoteref) refs/heads/main refs/remotes/main [1ms]
2024-06-05 00:27:02.251 [warning] ENOENT: no such file or directory, open '/home/puhfy/Waffleblox-Website/.git/refs/remotes/origin/main'
2024-06-05 00:27:02.252 [info] > git rev-parse refs/remotes/origin/main [1ms]
2024-06-05 00:27:02.256 [info] > git status -z -uall [1ms]
2024-06-05 00:27:09.205 [info] > git config --get commit.template [6ms]
2024-06-05 00:27:09.205 [info] > git for-each-ref --format=%(refname)%00%(upstream:short)%00%(objectname)%00%(upstream:track)%00%(upstream:remotename)%00%(upstream:remoteref) refs/heads/main refs/remotes/main [1ms]
2024-06-05 00:27:09.208 [warning] ENOENT: no such file or directory, open '/home/puhfy/Waffleblox-Website/.git/refs/remotes/origin/main'
2024-06-05 00:27:09.210 [info] > git rev-parse refs/remotes/origin/main [2ms]
2024-06-05 00:27:09.215 [info] > git status -z -uall [1ms]
2024-06-05 00:27:21.164 [info] > git config --get commit.template [1ms]
2024-06-05 00:27:21.170 [info] > git for-each-ref --format=%(refname)%00%(upstream:short)%00%(objectname)%00%(upstream:track)%00%(upstream:remotename)%00%(upstream:remoteref) refs/heads/main refs/remotes/main [1ms]
2024-06-05 00:27:21.176 [warning] ENOENT: no such file or directory, open '/home/puhfy/Waffleblox-Website/.git/refs/remotes/origin/main'
2024-06-05 00:27:21.177 [info] > git rev-parse refs/remotes/origin/main [1ms]
2024-06-05 00:27:21.183 [info] > git status -z -uall [1ms]
2024-06-05 00:27:34.580 [info] > git show --textconv :index.html [5ms]
2024-06-05 00:27:34.581 [info] > git ls-files --stage -- /home/puhfy/Waffleblox-Website/index.html [1ms]
2024-06-05 00:27:34.585 [info] > git cat-file -s cce42615ea977ca6962450686489f0b504b78fcf [1ms]
2024-06-05 00:27:37.833 [info] > git show --textconv :styles.css [4ms]
2024-06-05 00:27:37.833 [info] > git ls-files --stage -- /home/puhfy/Waffleblox-Website/styles.css [1ms]
2024-06-05 00:27:40.868 [info] > git show --textconv :index.html [4ms]
2024-06-05 00:27:40.869 [info] > git ls-files --stage -- /home/puhfy/Waffleblox-Website/index.html [1ms]
2024-06-05 00:27:40.874 [info] > git cat-file -s cce42615ea977ca6962450686489f0b504b78fcf [2ms]
2024-06-05 00:27:41.399 [info] > git show --textconv :styles.css [4ms]
2024-06-05 00:27:41.400 [info] > git ls-files --stage -- /home/puhfy/Waffleblox-Website/styles.css [1ms]
2024-06-05 00:28:27.464 [info] > git for-each-ref --format=%(refname)%00%(upstream:short)%00%(objectname)%00%(upstream:track)%00%(upstream:remotename)%00%(upstream:remoteref) refs/heads/main refs/remotes/main [1ms]
2024-06-05 00:28:27.464 [info] > git config --get commit.template [7ms]
2024-06-05 00:28:27.468 [warning] ENOENT: no such file or directory, open '/home/puhfy/Waffleblox-Website/.git/refs/remotes/origin/main'
2024-06-05 00:28:27.469 [info] > git rev-parse refs/remotes/origin/main [1ms]
2024-06-05 00:28:27.474 [info] > git status -z -uall [1ms]
2024-06-05 00:28:34.897 [info] > git config --get commit.template [4ms]
2024-06-05 00:28:34.897 [info] > git for-each-ref --format=%(refname)%00%(upstream:short)%00%(objectname)%00%(upstream:track)%00%(upstream:remotename)%00%(upstream:remoteref) refs/heads/main refs/remotes/main [1ms]
2024-06-05 00:28:34.901 [warning] ENOENT: no such file or directory, open '/home/puhfy/Waffleblox-Website/.git/refs/remotes/origin/main'
2024-06-05 00:28:34.902 [info] > git rev-parse refs/remotes/origin/main [1ms]
2024-06-05 00:28:34.906 [info] > git status -z -uall [1ms]
2024-06-05 00:28:42.675 [info] > git config --get commit.template [8ms]
2024-06-05 00:28:42.675 [info] > git for-each-ref --format=%(refname)%00%(upstream:short)%00%(objectname)%00%(upstream:track)%00%(upstream:remotename)%00%(upstream:remoteref) refs/heads/main refs/remotes/main [1ms]
2024-06-05 00:28:42.680 [warning] ENOENT: no such file or directory, open '/home/puhfy/Waffleblox-Website/.git/refs/remotes/origin/main'
2024-06-05 00:28:42.680 [info] > git rev-parse refs/remotes/origin/main [0ms]
2024-06-05 00:28:42.685 [info] > git status -z -uall [1ms]
2024-06-05 00:29:07.887 [info] > git config --get commit.template [5ms]
2024-06-05 00:29:07.887 [info] > git for-each-ref --format=%(refname)%00%(upstream:short)%00%(objectname)%00%(upstream:track)%00%(upstream:remotename)%00%(upstream:remoteref) refs/heads/main refs/remotes/main [1ms]
2024-06-05 00:29:07.891 [warning] ENOENT: no such file or directory, open '/home/puhfy/Waffleblox-Website/.git/refs/remotes/origin/main'
2024-06-05 00:29:07.892 [info] > git rev-parse refs/remotes/origin/main [1ms]
2024-06-05 00:29:07.896 [info] > git status -z -uall [1ms]
2024-06-05 00:29:26.437 [info] > git config --get commit.template [5ms]
2024-06-05 00:29:26.439 [info] > git for-each-ref --format=%(refname)%00%(upstream:short)%00%(objectname)%00%(upstream:track)%00%(upstream:remotename)%00%(upstream:remoteref) refs/heads/main refs/remotes/main [3ms]
2024-06-05 00:29:26.445 [warning] ENOENT: no such file or directory, open '/home/puhfy/Waffleblox-Website/.git/refs/remotes/origin/main'
2024-06-05 00:29:26.446 [info] > git rev-parse refs/remotes/origin/main [1ms]
2024-06-05 00:29:26.451 [info] > git status -z -uall [1ms]
2024-06-05 00:30:56.753 [info] > git config --get commit.template [6ms]
2024-06-05 00:30:56.754 [info] > git for-each-ref --format=%(refname)%00%(upstream:short)%00%(objectname)%00%(upstream:track)%00%(upstream:remotename)%00%(upstream:remoteref) refs/heads/main refs/remotes/main [1ms]
2024-06-05 00:30:56.758 [warning] ENOENT: no such file or directory, open '/home/puhfy/Waffleblox-Website/.git/refs/remotes/origin/main'
2024-06-05 00:30:56.759 [info] > git rev-parse refs/remotes/origin/main [1ms]
2024-06-05 00:30:56.764 [info] > git status -z -uall [1ms]
2024-06-05 00:31:08.870 [info] > git config --get commit.template [5ms]
2024-06-05 00:31:08.871 [info] > git for-each-ref --format=%(refname)%00%(upstream:short)%00%(objectname)%00%(upstream:track)%00%(upstream:remotename)%00%(upstream:remoteref) refs/heads/main refs/remotes/main [1ms]
2024-06-05 00:31:08.876 [warning] ENOENT: no such file or directory, open '/home/puhfy/Waffleblox-Website/.git/refs/remotes/origin/main'
2024-06-05 00:31:08.877 [info] > git rev-parse refs/remotes/origin/main [1ms]
2024-06-05 00:31:08.881 [info] > git status -z -uall [1ms]
2024-06-05 00:31:34.438 [info] > git config --get commit.template [6ms]
2024-06-05 00:31:34.452 [info] > git for-each-ref --format=%(refname)%00%(upstream:short)%00%(objectname)%00%(upstream:track)%00%(upstream:remotename)%00%(upstream:remoteref) refs/heads/main refs/remotes/main [1ms]
2024-06-05 00:31:34.464 [warning] ENOENT: no such file or directory, open '/home/puhfy/Waffleblox-Website/.git/refs/remotes/origin/main'
2024-06-05 00:31:34.466 [info] > git rev-parse refs/remotes/origin/main [3ms]
2024-06-05 00:31:34.475 [info] > git status -z -uall [4ms]
2024-06-05 00:31:51.028 [info] > git config --get commit.template [3ms]
2024-06-05 00:31:51.028 [info] > git for-each-ref --format=%(refname)%00%(upstream:short)%00%(objectname)%00%(upstream:track)%00%(upstream:remotename)%00%(upstream:remoteref) refs/heads/main refs/remotes/main [1ms]
2024-06-05 00:31:51.032 [warning] ENOENT: no such file or directory, open '/home/puhfy/Waffleblox-Website/.git/refs/remotes/origin/main'
2024-06-05 00:31:51.033 [info] > git rev-parse refs/remotes/origin/main [1ms]
2024-06-05 00:31:51.037 [info] > git status -z -uall [1ms]
2024-06-05 00:33:02.802 [info] > git for-each-ref --format=%(refname)%00%(upstream:short)%00%(objectname)%00%(upstream:track)%00%(upstream:remotename)%00%(upstream:remoteref) refs/heads/main refs/remotes/main [1ms]
2024-06-05 00:33:02.802 [info] > git config --get commit.template [9ms]
2024-06-05 00:33:02.807 [warning] ENOENT: no such file or directory, open '/home/puhfy/Waffleblox-Website/.git/refs/remotes/origin/main'
2024-06-05 00:33:02.807 [info] > git rev-parse refs/remotes/origin/main [1ms]
2024-06-05 00:33:02.812 [info] > git status -z -uall [1ms]
2024-06-05 00:33:11.956 [info] > git config --get commit.template [6ms]
2024-06-05 00:33:11.957 [info] > git for-each-ref --format=%(refname)%00%(upstream:short)%00%(objectname)%00%(upstream:track)%00%(upstream:remotename)%00%(upstream:remoteref) refs/heads/main refs/remotes/main [1ms]
2024-06-05 00:33:11.960 [warning] ENOENT: no such file or directory, open '/home/puhfy/Waffleblox-Website/.git/refs/remotes/origin/main'
2024-06-05 00:33:11.960 [info] > git rev-parse refs/remotes/origin/main [0ms]
2024-06-05 00:33:11.965 [info] > git status -z -uall [1ms]
2024-06-05 00:33:17.084 [info] > git config --get commit.template [5ms]
2024-06-05 00:33:17.085 [info] > git for-each-ref --format=%(refname)%00%(upstream:short)%00%(objectname)%00%(upstream:track)%00%(upstream:remotename)%00%(upstream:remoteref) refs/heads/main refs/remotes/main [2ms]
2024-06-05 00:33:17.089 [warning] ENOENT: no such file or directory, open '/home/puhfy/Waffleblox-Website/.git/refs/remotes/origin/main'
2024-06-05 00:33:17.090 [info] > git rev-parse refs/remotes/origin/main [1ms]
2024-06-05 00:33:17.095 [info] > git status -z -uall [1ms]
2024-06-05 00:34:34.534 [info] > git config --get commit.template [5ms]
2024-06-05 00:34:34.534 [info] > git for-each-ref --format=%(refname)%00%(upstream:short)%00%(objectname)%00%(upstream:track)%00%(upstream:remotename)%00%(upstream:remoteref) refs/heads/main refs/remotes/main [1ms]
2024-06-05 00:34:34.540 [warning] ENOENT: no such file or directory, open '/home/puhfy/Waffleblox-Website/.git/refs/remotes/origin/main'
2024-06-05 00:34:34.541 [info] > git rev-parse refs/remotes/origin/main [1ms]
2024-06-05 00:34:34.548 [info] > git status -z -uall [1ms]
2024-06-05 00:35:09.347 [info] > git show --textconv :index.html [4ms]
2024-06-05 00:35:09.348 [info] > git ls-files --stage -- /home/puhfy/Waffleblox-Website/index.html [1ms]
2024-06-05 00:35:09.354 [info] > git cat-file -s cce42615ea977ca6962450686489f0b504b78fcf [2ms]
2024-06-05 00:36:34.557 [info] > git config --get commit.template [7ms]
2024-06-05 00:36:34.557 [info] > git for-each-ref --format=%(refname)%00%(upstream:short)%00%(objectname)%00%(upstream:track)%00%(upstream:remotename)%00%(upstream:remoteref) refs/heads/main refs/remotes/main [1ms]
2024-06-05 00:36:34.561 [warning] ENOENT: no such file or directory, open '/home/puhfy/Waffleblox-Website/.git/refs/remotes/origin/main'
2024-06-05 00:36:34.561 [info] > git rev-parse refs/remotes/origin/main [0ms]
2024-06-05 00:36:34.568 [info] > git status -z -uall [2ms]
2024-06-05 00:36:46.235 [info] > git show --textconv :styles.css [5ms]
2024-06-05 00:36:46.235 [info] > git ls-files --stage -- /home/puhfy/Waffleblox-Website/styles.css [1ms]
2024-06-05 00:36:51.358 [info] > git config --get commit.template [4ms]
2024-06-05 00:36:51.358 [info] > git for-each-ref --format=%(refname)%00%(upstream:short)%00%(objectname)%00%(upstream:track)%00%(upstream:remotename)%00%(upstream:remoteref) refs/heads/main refs/remotes/main [2ms]
2024-06-05 00:36:51.362 [warning] ENOENT: no such file or directory, open '/home/puhfy/Waffleblox-Website/.git/refs/remotes/origin/main'
2024-06-05 00:36:51.363 [info] > git rev-parse refs/remotes/origin/main [1ms]
2024-06-05 00:36:51.370 [info] > git status -z -uall [2ms]
2024-06-05 00:36:59.464 [info] > git show --textconv :index.html [5ms]
2024-06-05 00:36:59.465 [info] > git ls-files --stage -- /home/puhfy/Waffleblox-Website/index.html [2ms]
2024-06-05 00:36:59.470 [info] > git cat-file -s cce42615ea977ca6962450686489f0b504b78fcf [1ms]
2024-06-05 00:36:59.755 [info] > git config --get commit.template [5ms]
2024-06-05 00:36:59.756 [info] > git for-each-ref --format=%(refname)%00%(upstream:short)%00%(objectname)%00%(upstream:track)%00%(upstream:remotename)%00%(upstream:remoteref) refs/heads/main refs/remotes/main [1ms]
2024-06-05 00:36:59.760 [warning] ENOENT: no such file or directory, open '/home/puhfy/Waffleblox-Website/.git/refs/remotes/origin/main'
2024-06-05 00:36:59.761 [info] > git rev-parse refs/remotes/origin/main [1ms]
2024-06-05 00:36:59.767 [info] > git status -z -uall [2ms]
2024-06-05 00:37:07.977 [info] > git config --get commit.template [1ms]
2024-06-05 00:37:07.982 [info] > git for-each-ref --format=%(refname)%00%(upstream:short)%00%(objectname)%00%(upstream:track)%00%(upstream:remotename)%00%(upstream:remoteref) refs/heads/main refs/remotes/main [1ms]
2024-06-05 00:37:07.986 [warning] ENOENT: no such file or directory, open '/home/puhfy/Waffleblox-Website/.git/refs/remotes/origin/main'
2024-06-05 00:37:07.986 [info] > git rev-parse refs/remotes/origin/main [0ms]
2024-06-05 00:37:07.991 [info] > git status -z -uall [2ms]
2024-06-05 00:37:09.767 [info] > git show --textconv :styles.css [3ms]
2024-06-05 00:37:09.768 [info] > git ls-files --stage -- /home/puhfy/Waffleblox-Website/styles.css [1ms]
2024-06-05 00:37:30.649 [info] > git config --get commit.template [5ms]
2024-06-05 00:37:30.650 [info] > git for-each-ref --format=%(refname)%00%(upstream:short)%00%(objectname)%00%(upstream:track)%00%(upstream:remotename)%00%(upstream:remoteref) refs/heads/main refs/remotes/main [1ms]
2024-06-05 00:37:30.654 [warning] ENOENT: no such file or directory, open '/home/puhfy/Waffleblox-Website/.git/refs/remotes/origin/main'
2024-06-05 00:37:30.655 [info] > git rev-parse refs/remotes/origin/main [1ms]
2024-06-05 00:37:30.660 [info] > git status -z -uall [1ms]
2024-06-05 00:38:15.354 [info] > git for-each-ref --format=%(refname)%00%(upstream:short)%00%(objectname)%00%(upstream:track)%00%(upstream:remotename)%00%(upstream:remoteref) refs/heads/main refs/remotes/main [1ms]
2024-06-05 00:38:15.354 [info] > git config --get commit.template [5ms]
2024-06-05 00:38:15.358 [warning] ENOENT: no such file or directory, open '/home/puhfy/Waffleblox-Website/.git/refs/remotes/origin/main'
2024-06-05 00:38:15.359 [info] > git rev-parse refs/remotes/origin/main [1ms]
2024-06-05 00:38:15.364 [info] > git status -z -uall [2ms]
2024-06-05 00:39:04.094 [info] > git config --get commit.template [6ms]
2024-06-05 00:39:04.094 [info] > git for-each-ref --format=%(refname)%00%(upstream:short)%00%(objectname)%00%(upstream:track)%00%(upstream:remotename)%00%(upstream:remoteref) refs/heads/main refs/remotes/main [1ms]
2024-06-05 00:39:04.099 [warning] ENOENT: no such file or directory, open '/home/puhfy/Waffleblox-Website/.git/refs/remotes/origin/main'
2024-06-05 00:39:04.100 [info] > git rev-parse refs/remotes/origin/main [1ms]
2024-06-05 00:39:04.105 [info] > git status -z -uall [1ms]
2024-06-05 00:40:07.355 [info] > git show --textconv :index.html [6ms]
2024-06-05 00:40:07.355 [info] > git ls-files --stage -- /home/puhfy/Waffleblox-Website/index.html [1ms]
2024-06-05 00:40:07.361 [info] > git cat-file -s cce42615ea977ca6962450686489f0b504b78fcf [1ms]
2024-06-05 00:40:16.461 [info] > git show --textconv :styles.css [6ms]
2024-06-05 00:40:16.462 [info] > git ls-files --stage -- /home/puhfy/Waffleblox-Website/styles.css [1ms]
2024-06-05 00:41:47.034 [info] > git show --textconv :index.html [7ms]
2024-06-05 00:41:47.035 [info] > git ls-files --stage -- /home/puhfy/Waffleblox-Website/index.html [1ms]
2024-06-05 00:41:47.039 [info] > git cat-file -s cce42615ea977ca6962450686489f0b504b78fcf [1ms]
2024-06-05 00:43:15.465 [info] > git config --get commit.template [3ms]
2024-06-05 00:43:15.471 [info] > git for-each-ref --format=%(refname)%00%(upstream:short)%00%(objectname)%00%(upstream:track)%00%(upstream:remotename)%00%(upstream:remoteref) refs/heads/main refs/remotes/main [1ms]
2024-06-05 00:43:15.475 [warning] ENOENT: no such file or directory, open '/home/puhfy/Waffleblox-Website/.git/refs/remotes/origin/main'
2024-06-05 00:43:15.476 [info] > git rev-parse refs/remotes/origin/main [0ms]
2024-06-05 00:43:15.480 [info] > git status -z -uall [1ms]
2024-06-05 00:43:19.897 [info] > git show --textconv :script.js [7ms]
2024-06-05 00:43:19.898 [info] > git ls-files --stage -- /home/puhfy/Waffleblox-Website/script.js [1ms]
2024-06-05 00:43:20.180 [info] > git check-ignore -v -z --stdin [3ms]
2024-06-05 00:43:20.787 [info] > git config --get commit.template [4ms]
2024-06-05 00:43:20.787 [info] > git for-each-ref --format=%(refname)%00%(upstream:short)%00%(objectname)%00%(upstream:track)%00%(upstream:remotename)%00%(upstream:remoteref) refs/heads/main refs/remotes/main [1ms]
2024-06-05 00:43:20.790 [warning] ENOENT: no such file or directory, open '/home/puhfy/Waffleblox-Website/.git/refs/remotes/origin/main'
2024-06-05 00:43:20.791 [info] > git rev-parse refs/remotes/origin/main [1ms]
2024-06-05 00:43:20.796 [info] > git status -z -uall [2ms]
2024-06-05 00:43:21.264 [info] > git show --textconv :index.html [5ms]
2024-06-05 00:43:21.264 [info] > git ls-files --stage -- /home/puhfy/Waffleblox-Website/index.html [0ms]
2024-06-05 00:43:21.269 [info] > git cat-file -s cce42615ea977ca6962450686489f0b504b78fcf [1ms]
2024-06-05 00:43:27.338 [info] > git config --get commit.template [5ms]
2024-06-05 00:43:27.339 [info] > git for-each-ref --format=%(refname)%00%(upstream:short)%00%(objectname)%00%(upstream:track)%00%(upstream:remotename)%00%(upstream:remoteref) refs/heads/main refs/remotes/main [2ms]
2024-06-05 00:43:27.343 [warning] ENOENT: no such file or directory, open '/home/puhfy/Waffleblox-Website/.git/refs/remotes/origin/main'
2024-06-05 00:43:27.343 [info] > git rev-parse refs/remotes/origin/main [0ms]
2024-06-05 00:43:27.348 [info] > git status -z -uall [2ms]
2024-06-05 00:43:40.694 [info] > git config --get commit.template [6ms]
2024-06-05 00:43:40.694 [info] > git for-each-ref --format=%(refname)%00%(upstream:short)%00%(objectname)%00%(upstream:track)%00%(upstream:remotename)%00%(upstream:remoteref) refs/heads/main refs/remotes/main [1ms]
2024-06-05 00:43:40.699 [warning] ENOENT: no such file or directory, open '/home/puhfy/Waffleblox-Website/.git/refs/remotes/origin/main'
2024-06-05 00:43:40.700 [info] > git rev-parse refs/remotes/origin/main [1ms]
2024-06-05 00:43:40.705 [info] > git status -z -uall [2ms]
2024-06-05 00:43:41.051 [info] > git show --textconv :styles.css [4ms]
2024-06-05 00:43:41.052 [info] > git ls-files --stage -- /home/puhfy/Waffleblox-Website/styles.css [1ms]
2024-06-05 00:43:41.377 [info] > git show --textconv :README [6ms]
2024-06-05 00:43:41.378 [info] > git ls-files --stage -- /home/puhfy/Waffleblox-Website/README [2ms]
2024-06-05 00:43:41.383 [info] > git cat-file -s a897f8c4bfdc2cf990055304aec6a1fe0879f08d [1ms]
2024-06-05 00:43:41.755 [info] > git show --textconv :script.js [4ms]
2024-06-05 00:43:41.756 [info] > git ls-files --stage -- /home/puhfy/Waffleblox-Website/script.js [1ms]
2024-06-05 00:43:51.474 [info] > git config --get commit.template [5ms]
2024-06-05 00:43:51.475 [info] > git for-each-ref --format=%(refname)%00%(upstream:short)%00%(objectname)%00%(upstream:track)%00%(upstream:remotename)%00%(upstream:remoteref) refs/heads/main refs/remotes/main [1ms]
2024-06-05 00:43:51.481 [warning] ENOENT: no such file or directory, open '/home/puhfy/Waffleblox-Website/.git/refs/remotes/origin/main'
2024-06-05 00:43:51.482 [info] > git rev-parse refs/remotes/origin/main [1ms]
2024-06-05 00:43:51.488 [info] > git status -z -uall [1ms]
2024-06-05 00:44:00.385 [info] > git show --textconv :index.html [6ms]
2024-06-05 00:44:00.386 [info] > git ls-files --stage -- /home/puhfy/Waffleblox-Website/index.html [2ms]
2024-06-05 00:44:00.391 [info] > git cat-file -s cce42615ea977ca6962450686489f0b504b78fcf [1ms]
2024-06-05 00:44:16.931 [info] > git show --textconv :styles.css [6ms]
2024-06-05 00:44:16.931 [info] > git ls-files --stage -- /home/puhfy/Waffleblox-Website/styles.css [1ms]
2024-06-05 00:44:18.545 [info] > git config --get commit.template [6ms]
2024-06-05 00:44:18.546 [info] > git for-each-ref --format=%(refname)%00%(upstream:short)%00%(objectname)%00%(upstream:track)%00%(upstream:remotename)%00%(upstream:remoteref) refs/heads/main refs/remotes/main [1ms]
2024-06-05 00:44:18.550 [warning] ENOENT: no such file or directory, open '/home/puhfy/Waffleblox-Website/.git/refs/remotes/origin/main'
2024-06-05 00:44:18.551 [info] > git rev-parse refs/remotes/origin/main [1ms]
2024-06-05 00:44:18.556 [info] > git status -z -uall [1ms]
2024-06-05 00:44:18.928 [info] > git show --textconv :script.js [4ms]
2024-06-05 00:44:18.929 [info] > git ls-files --stage -- /home/puhfy/Waffleblox-Website/script.js [1ms]
2024-06-05 00:44:23.178 [info] > git show --textconv :index.html [5ms]
2024-06-05 00:44:23.179 [info] > git ls-files --stage -- /home/puhfy/Waffleblox-Website/index.html [2ms]
2024-06-05 00:44:23.184 [info] > git cat-file -s cce42615ea977ca6962450686489f0b504b78fcf [1ms]
2024-06-05 00:44:23.568 [info] > git config --get commit.template [5ms]
2024-06-05 00:44:23.568 [info] > git for-each-ref --format=%(refname)%00%(upstream:short)%00%(objectname)%00%(upstream:track)%00%(upstream:remotename)%00%(upstream:remoteref) refs/heads/main refs/remotes/main [1ms]
2024-06-05 00:44:23.572 [warning] ENOENT: no such file or directory, open '/home/puhfy/Waffleblox-Website/.git/refs/remotes/origin/main'
2024-06-05 00:44:23.573 [info] > git rev-parse refs/remotes/origin/main [1ms]
2024-06-05 00:44:23.578 [info] > git status -z -uall [1ms]
2024-06-05 00:45:06.895 [info] > git config --get commit.template [5ms]
2024-06-05 00:45:06.896 [info] > git for-each-ref --format=%(refname)%00%(upstream:short)%00%(objectname)%00%(upstream:track)%00%(upstream:remotename)%00%(upstream:remoteref) refs/heads/main refs/remotes/main [1ms]
2024-06-05 00:45:06.900 [warning] ENOENT: no such file or directory, open '/home/puhfy/Waffleblox-Website/.git/refs/remotes/origin/main'
2024-06-05 00:45:06.901 [info] > git rev-parse refs/remotes/origin/main [1ms]
2024-06-05 00:45:06.907 [info] > git status -z -uall [1ms]
2024-06-05 00:45:32.190 [info] > git show --textconv :styles.css [6ms]
2024-06-05 00:45:32.191 [info] > git ls-files --stage -- /home/puhfy/Waffleblox-Website/styles.css [2ms]
2024-06-05 00:45:36.320 [info] > git show --textconv :index.html [5ms]
2024-06-05 00:45:36.320 [info] > git ls-files --stage -- /home/puhfy/Waffleblox-Website/index.html [0ms]
2024-06-05 00:45:36.325 [info] > git cat-file -s cce42615ea977ca6962450686489f0b504b78fcf [1ms]
2024-06-05 00:46:55.469 [info] > git config --get commit.template [5ms]
2024-06-05 00:46:55.470 [info] > git for-each-ref --format=%(refname)%00%(upstream:short)%00%(objectname)%00%(upstream:track)%00%(upstream:remotename)%00%(upstream:remoteref) refs/heads/main refs/remotes/main [1ms]
2024-06-05 00:46:55.474 [warning] ENOENT: no such file or directory, open '/home/puhfy/Waffleblox-Website/.git/refs/remotes/origin/main'
2024-06-05 00:46:55.475 [info] > git rev-parse refs/remotes/origin/main [1ms]
2024-06-05 00:46:55.482 [info] > git status -z -uall [2ms]
2024-06-05 00:46:56.813 [info] > git show --textconv :styles.css [6ms]
2024-06-05 00:46:56.813 [info] > git ls-files --stage -- /home/puhfy/Waffleblox-Website/styles.css [1ms]
2024-06-05 00:47:11.666 [info] > git show --textconv :script.js [6ms]
2024-06-05 00:47:11.667 [info] > git ls-files --stage -- /home/puhfy/Waffleblox-Website/script.js [2ms]
2024-06-05 00:47:13.950 [info] > git show --textconv :styles.css [6ms]
2024-06-05 00:47:13.951 [info] > git ls-files --stage -- /home/puhfy/Waffleblox-Website/styles.css [1ms]
2024-06-05 00:47:17.136 [info] > git config --get commit.template [6ms]
2024-06-05 00:47:17.137 [info] > git for-each-ref --format=%(refname)%00%(upstream:short)%00%(objectname)%00%(upstream:track)%00%(upstream:remotename)%00%(upstream:remoteref) refs/heads/main refs/remotes/main [1ms]
2024-06-05 00:47:17.142 [warning] ENOENT: no such file or directory, open '/home/puhfy/Waffleblox-Website/.git/refs/remotes/origin/main'
2024-06-05 00:47:17.143 [info] > git rev-parse refs/remotes/origin/main [1ms]
2024-06-05 00:47:17.149 [info] > git status -z -uall [1ms]
2024-06-05 00:47:39.987 [info] > git show --textconv :script.js [6ms]
2024-06-05 00:47:39.988 [info] > git ls-files --stage -- /home/puhfy/Waffleblox-Website/script.js [1ms]
2024-06-05 00:49:02.827 [info] > git config --get commit.template [5ms]
2024-06-05 00:49:02.828 [info] > git for-each-ref --format=%(refname)%00%(upstream:short)%00%(objectname)%00%(upstream:track)%00%(upstream:remotename)%00%(upstream:remoteref) refs/heads/main refs/remotes/main [2ms]
2024-06-05 00:49:02.833 [warning] ENOENT: no such file or directory, open '/home/puhfy/Waffleblox-Website/.git/refs/remotes/origin/main'
2024-06-05 00:49:02.834 [info] > git rev-parse refs/remotes/origin/main [2ms]
2024-06-05 00:49:02.839 [info] > git status -z -uall [2ms]
2024-06-05 00:49:40.664 [info] > git show --textconv :styles.css [5ms]
2024-06-05 00:49:40.664 [info] > git ls-files --stage -- /home/puhfy/Waffleblox-Website/styles.css [1ms]
2024-06-05 00:49:47.886 [info] > git config --get commit.template [1ms]
2024-06-05 00:49:47.891 [info] > git for-each-ref --format=%(refname)%00%(upstream:short)%00%(objectname)%00%(upstream:track)%00%(upstream:remotename)%00%(upstream:remoteref) refs/heads/main refs/remotes/main [0ms]
2024-06-05 00:49:47.894 [warning] ENOENT: no such file or directory, open '/home/puhfy/Waffleblox-Website/.git/refs/remotes/origin/main'
2024-06-05 00:49:47.895 [info] > git rev-parse refs/remotes/origin/main [1ms]
2024-06-05 00:49:47.901 [info] > git status -z -uall [1ms]
2024-06-05 00:49:49.088 [info] > git show --textconv :script.js [6ms]
2024-06-05 00:49:49.089 [info] > git ls-files --stage -- /home/puhfy/Waffleblox-Website/script.js [2ms]
2024-06-05 00:49:56.155 [info] > git config --get commit.template [5ms]
2024-06-05 00:49:56.155 [info] > git for-each-ref --format=%(refname)%00%(upstream:short)%00%(objectname)%00%(upstream:track)%00%(upstream:remotename)%00%(upstream:remoteref) refs/heads/main refs/remotes/main [1ms]
2024-06-05 00:49:56.159 [warning] ENOENT: no such file or directory, open '/home/puhfy/Waffleblox-Website/.git/refs/remotes/origin/main'
2024-06-05 00:49:56.160 [info] > git rev-parse refs/remotes/origin/main [1ms]
2024-06-05 00:49:56.165 [info] > git status -z -uall [2ms]
2024-06-05 00:49:57.636 [info] > git show --textconv :index.html [6ms]
2024-06-05 00:49:57.637 [info] > git ls-files --stage -- /home/puhfy/Waffleblox-Website/index.html [1ms]
2024-06-05 00:49:57.643 [info] > git cat-file -s cce42615ea977ca6962450686489f0b504b78fcf [2ms]
2024-06-05 00:49:58.754 [info] > git show --textconv :styles.css [5ms]
2024-06-05 00:49:58.755 [info] > git ls-files --stage -- /home/puhfy/Waffleblox-Website/styles.css [1ms]
2024-06-05 00:49:59.337 [info] > git show --textconv :script.js [4ms]
2024-06-05 00:49:59.338 [info] > git ls-files --stage -- /home/puhfy/Waffleblox-Website/script.js [1ms]
2024-06-05 00:49:59.725 [info] > git show --textconv :styles.css [7ms]
2024-06-05 00:49:59.726 [info] > git ls-files --stage -- /home/puhfy/Waffleblox-Website/styles.css [2ms]
2024-06-05 00:50:20.770 [info] > git config --get commit.template [5ms]
2024-06-05 00:50:20.771 [info] > git for-each-ref --format=%(refname)%00%(upstream:short)%00%(objectname)%00%(upstream:track)%00%(upstream:remotename)%00%(upstream:remoteref) refs/heads/main refs/remotes/main [2ms]
2024-06-05 00:50:20.775 [warning] ENOENT: no such file or directory, open '/home/puhfy/Waffleblox-Website/.git/refs/remotes/origin/main'
2024-06-05 00:50:20.776 [info] > git rev-parse refs/remotes/origin/main [1ms]
2024-06-05 00:50:20.780 [info] > git status -z -uall [1ms]
2024-06-05 00:50:45.259 [info] > git config --get commit.template [4ms]
2024-06-05 00:50:45.260 [info] > git for-each-ref --format=%(refname)%00%(upstream:short)%00%(objectname)%00%(upstream:track)%00%(upstream:remotename)%00%(upstream:remoteref) refs/heads/main refs/remotes/main [1ms]
2024-06-05 00:50:45.264 [warning] ENOENT: no such file or directory, open '/home/puhfy/Waffleblox-Website/.git/refs/remotes/origin/main'
2024-06-05 00:50:45.266 [info] > git rev-parse refs/remotes/origin/main [1ms]
2024-06-05 00:50:45.271 [info] > git status -z -uall [2ms]
2024-06-05 00:50:52.953 [info] > git show --textconv :script.js [5ms]
2024-06-05 00:50:52.954 [info] > git ls-files --stage -- /home/puhfy/Waffleblox-Website/script.js [1ms]
2024-06-05 00:51:17.649 [info] > git config --get commit.template [4ms]
2024-06-05 00:51:17.650 [info] > git for-each-ref --format=%(refname)%00%(upstream:short)%00%(objectname)%00%(upstream:track)%00%(upstream:remotename)%00%(upstream:remoteref) refs/heads/main refs/remotes/main [1ms]
2024-06-05 00:51:17.654 [warning] ENOENT: no such file or directory, open '/home/puhfy/Waffleblox-Website/.git/refs/remotes/origin/main'
2024-06-05 00:51:17.654 [info] > git rev-parse refs/remotes/origin/main [0ms]
2024-06-05 00:51:17.661 [info] > git status -z -uall [2ms]
2024-06-05 00:51:45.774 [info] > git config --get commit.template [6ms]
2024-06-05 00:51:45.775 [info] > git for-each-ref --format=%(refname)%00%(upstream:short)%00%(objectname)%00%(upstream:track)%00%(upstream:remotename)%00%(upstream:remoteref) refs/heads/main refs/remotes/main [2ms]
2024-06-05 00:51:45.779 [warning] ENOENT: no such file or directory, open '/home/puhfy/Waffleblox-Website/.git/refs/remotes/origin/main'
2024-06-05 00:51:45.780 [info] > git rev-parse refs/remotes/origin/main [1ms]
2024-06-05 00:51:45.787 [info] > git status -z -uall [1ms]
2024-06-05 00:52:36.747 [info] > git config --get commit.template [10ms]
2024-06-05 00:52:36.748 [info] > git for-each-ref --format=%(refname)%00%(upstream:short)%00%(objectname)%00%(upstream:track)%00%(upstream:remotename)%00%(upstream:remoteref) refs/heads/main refs/remotes/main [1ms]
2024-06-05 00:52:36.751 [warning] ENOENT: no such file or directory, open '/home/puhfy/Waffleblox-Website/.git/refs/remotes/origin/main'
2024-06-05 00:52:36.753 [info] > git rev-parse refs/remotes/origin/main [2ms]
2024-06-05 00:52:36.758 [info] > git status -z -uall [1ms]
2024-06-05 00:52:49.508 [info] > git config --get commit.template [0ms]
2024-06-05 00:52:49.517 [info] > git for-each-ref --format=%(refname)%00%(upstream:short)%00%(objectname)%00%(upstream:track)%00%(upstream:remotename)%00%(upstream:remoteref) refs/heads/main refs/remotes/main [1ms]
2024-06-05 00:52:49.521 [warning] ENOENT: no such file or directory, open '/home/puhfy/Waffleblox-Website/.git/refs/remotes/origin/main'
2024-06-05 00:52:49.521 [info] > git rev-parse refs/remotes/origin/main [0ms]
2024-06-05 00:52:49.526 [info] > git status -z -uall [2ms]
2024-06-05 00:53:01.842 [info] > git config --get commit.template [5ms]
2024-06-05 00:53:01.842 [info] > git for-each-ref --format=%(refname)%00%(upstream:short)%00%(objectname)%00%(upstream:track)%00%(upstream:remotename)%00%(upstream:remoteref) refs/heads/main refs/remotes/main [1ms]
2024-06-05 00:53:01.846 [warning] ENOENT: no such file or directory, open '/home/puhfy/Waffleblox-Website/.git/refs/remotes/origin/main'
2024-06-05 00:53:01.847 [info] > git rev-parse refs/remotes/origin/main [0ms]
2024-06-05 00:53:01.851 [info] > git status -z -uall [1ms]
2024-06-05 00:53:25.024 [info] > git for-each-ref --format=%(refname)%00%(upstream:short)%00%(objectname)%00%(upstream:track)%00%(upstream:remotename)%00%(upstream:remoteref) refs/heads/main refs/remotes/main [1ms]
2024-06-05 00:53:25.024 [info] > git config --get commit.template [8ms]
2024-06-05 00:53:25.028 [warning] ENOENT: no such file or directory, open '/home/puhfy/Waffleblox-Website/.git/refs/remotes/origin/main'
2024-06-05 00:53:25.029 [info] > git rev-parse refs/remotes/origin/main [1ms]
2024-06-05 00:53:25.035 [info] > git status -z -uall [2ms]
2024-06-05 00:53:30.044 [info] > git config --get commit.template [1ms]
2024-06-05 00:53:30.050 [info] > git for-each-ref --format=%(refname)%00%(upstream:short)%00%(objectname)%00%(upstream:track)%00%(upstream:remotename)%00%(upstream:remoteref) refs/heads/main refs/remotes/main [1ms]
2024-06-05 00:53:30.055 [warning] ENOENT: no such file or directory, open '/home/puhfy/Waffleblox-Website/.git/refs/remotes/origin/main'
2024-06-05 00:53:30.055 [info] > git rev-parse refs/remotes/origin/main [1ms]
2024-06-05 00:53:30.061 [info] > git status -z -uall [1ms]
2024-06-05 00:53:35.952 [info] > git config --get commit.template [5ms]
2024-06-05 00:53:35.953 [info] > git for-each-ref --format=%(refname)%00%(upstream:short)%00%(objectname)%00%(upstream:track)%00%(upstream:remotename)%00%(upstream:remoteref) refs/heads/main refs/remotes/main [1ms]
2024-06-05 00:53:35.957 [warning] ENOENT: no such file or directory, open '/home/puhfy/Waffleblox-Website/.git/refs/remotes/origin/main'
2024-06-05 00:53:35.958 [info] > git rev-parse refs/remotes/origin/main [1ms]
2024-06-05 00:53:35.964 [info] > git status -z -uall [2ms]
2024-06-05 00:53:45.050 [info] > git config --get commit.template [8ms]
2024-06-05 00:53:45.051 [info] > git for-each-ref --format=%(refname)%00%(upstream:short)%00%(objectname)%00%(upstream:track)%00%(upstream:remotename)%00%(upstream:remoteref) refs/heads/main refs/remotes/main [2ms]
2024-06-05 00:53:45.054 [warning] ENOENT: no such file or directory, open '/home/puhfy/Waffleblox-Website/.git/refs/remotes/origin/main'
2024-06-05 00:53:45.055 [info] > git rev-parse refs/remotes/origin/main [1ms]
2024-06-05 00:53:45.060 [info] > git status -z -uall [2ms]
2024-06-05 00:53:53.076 [info] > git config --get commit.template [4ms]
2024-06-05 00:53:53.076 [info] > git for-each-ref --format=%(refname)%00%(upstream:short)%00%(objectname)%00%(upstream:track)%00%(upstream:remotename)%00%(upstream:remoteref) refs/heads/main refs/remotes/main [0ms]
2024-06-05 00:53:53.080 [warning] ENOENT: no such file or directory, open '/home/puhfy/Waffleblox-Website/.git/refs/remotes/origin/main'
2024-06-05 00:53:53.081 [info] > git rev-parse refs/remotes/origin/main [1ms]
2024-06-05 00:53:53.088 [info] > git status -z -uall [1ms]
2024-06-05 00:54:05.102 [info] > git config --get commit.template [1ms]
2024-06-05 00:54:05.108 [info] > git for-each-ref --format=%(refname)%00%(upstream:short)%00%(objectname)%00%(upstream:track)%00%(upstream:remotename)%00%(upstream:remoteref) refs/heads/main refs/remotes/main [1ms]
2024-06-05 00:54:05.110 [warning] ENOENT: no such file or directory, open '/home/puhfy/Waffleblox-Website/.git/refs/remotes/origin/main'
2024-06-05 00:54:05.111 [info] > git rev-parse refs/remotes/origin/main [1ms]
2024-06-05 00:54:05.116 [info] > git status -z -uall [1ms]
2024-06-05 00:54:34.339 [info] > git config --get commit.template [5ms]
2024-06-05 00:54:34.339 [info] > git for-each-ref --format=%(refname)%00%(upstream:short)%00%(objectname)%00%(upstream:track)%00%(upstream:remotename)%00%(upstream:remoteref) refs/heads/main refs/remotes/main [0ms]
2024-06-05 00:54:34.343 [warning] ENOENT: no such file or directory, open '/home/puhfy/Waffleblox-Website/.git/refs/remotes/origin/main'
2024-06-05 00:54:34.344 [info] > git rev-parse refs/remotes/origin/main [1ms]
2024-06-05 00:54:34.349 [info] > git status -z -uall [1ms]
2024-06-05 00:55:29.186 [info] > git ls-files --stage -- /home/puhfy/Waffleblox-Website/styles.css [2ms]
2024-06-05 00:55:29.187 [info] > git show --textconv :styles.css [8ms]
2024-06-05 00:55:35.711 [info] > git config --get commit.template [2ms]
2024-06-05 00:55:35.718 [info] > git for-each-ref --format=%(refname)%00%(upstream:short)%00%(objectname)%00%(upstream:track)%00%(upstream:remotename)%00%(upstream:remoteref) refs/heads/main refs/remotes/main [3ms]
2024-06-05 00:55:35.722 [warning] ENOENT: no such file or directory, open '/home/puhfy/Waffleblox-Website/.git/refs/remotes/origin/main'
2024-06-05 00:55:35.723 [info] > git rev-parse refs/remotes/origin/main [1ms]
2024-06-05 00:55:35.728 [info] > git status -z -uall [1ms]
2024-06-05 00:56:16.985 [info] > git config --get commit.template [7ms]
2024-06-05 00:56:16.985 [info] > git for-each-ref --format=%(refname)%00%(upstream:short)%00%(objectname)%00%(upstream:track)%00%(upstream:remotename)%00%(upstream:remoteref) refs/heads/main refs/remotes/main [1ms]
2024-06-05 00:56:16.988 [warning] ENOENT: no such file or directory, open '/home/puhfy/Waffleblox-Website/.git/refs/remotes/origin/main'
2024-06-05 00:56:16.989 [info] > git rev-parse refs/remotes/origin/main [1ms]
2024-06-05 00:56:16.993 [info] > git status -z -uall [1ms]
2024-06-05 00:56:22.003 [info] > git config --get commit.template [3ms]
2024-06-05 00:56:22.003 [info] > git for-each-ref --format=%(refname)%00%(upstream:short)%00%(objectname)%00%(upstream:track)%00%(upstream:remotename)%00%(upstream:remoteref) refs/heads/main refs/remotes/main [1ms]
2024-06-05 00:56:22.006 [warning] ENOENT: no such file or directory, open '/home/puhfy/Waffleblox-Website/.git/refs/remotes/origin/main'
2024-06-05 00:56:22.007 [info] > git rev-parse refs/remotes/origin/main [1ms]
2024-06-05 00:56:22.011 [info] > git status -z -uall [1ms]
2024-06-05 00:56:22.305 [info] > git show --textconv :script.js [5ms]
2024-06-05 00:56:22.305 [info] > git ls-files --stage -- /home/puhfy/Waffleblox-Website/script.js [0ms]
2024-06-05 00:56:22.858 [info] > git show --textconv :styles.css [5ms]
2024-06-05 00:56:22.858 [info] > git ls-files --stage -- /home/puhfy/Waffleblox-Website/styles.css [1ms]
2024-06-05 00:56:24.499 [info] > git show --textconv :script.js [0ms]
2024-06-05 00:56:24.506 [info] > git ls-files --stage -- /home/puhfy/Waffleblox-Website/script.js [0ms]
2024-06-05 00:56:55.749 [info] > git config --get commit.template [1ms]
2024-06-05 00:56:55.755 [info] > git for-each-ref --format=%(refname)%00%(upstream:short)%00%(objectname)%00%(upstream:track)%00%(upstream:remotename)%00%(upstream:remoteref) refs/heads/main refs/remotes/main [1ms]
2024-06-05 00:56:55.758 [warning] ENOENT: no such file or directory, open '/home/puhfy/Waffleblox-Website/.git/refs/remotes/origin/main'
2024-06-05 00:56:55.759 [info] > git rev-parse refs/remotes/origin/main [1ms]
2024-06-05 00:56:55.764 [info] > git status -z -uall [1ms]
2024-06-05 00:57:05.008 [info] > git config --get commit.template [5ms]
2024-06-05 00:57:05.008 [info] > git for-each-ref --format=%(refname)%00%(upstream:short)%00%(objectname)%00%(upstream:track)%00%(upstream:remotename)%00%(upstream:remoteref) refs/heads/main refs/remotes/main [1ms]
2024-06-05 00:57:05.013 [warning] ENOENT: no such file or directory, open '/home/puhfy/Waffleblox-Website/.git/refs/remotes/origin/main'
2024-06-05 00:57:05.014 [info] > git rev-parse refs/remotes/origin/main [1ms]
2024-06-05 00:57:05.019 [info] > git status -z -uall [1ms]
2024-06-05 00:57:34.395 [info] > git config --get commit.template [1ms]
2024-06-05 00:57:34.401 [info] > git for-each-ref --format=%(refname)%00%(upstream:short)%00%(objectname)%00%(upstream:track)%00%(upstream:remotename)%00%(upstream:remoteref) refs/heads/main refs/remotes/main [1ms]
2024-06-05 00:57:34.405 [warning] ENOENT: no such file or directory, open '/home/puhfy/Waffleblox-Website/.git/refs/remotes/origin/main'
2024-06-05 00:57:34.406 [info] > git rev-parse refs/remotes/origin/main [1ms]
2024-06-05 00:57:34.413 [info] > git status -z -uall [1ms]
2024-06-05 00:59:05.153 [info] > git config --get commit.template [2ms]
2024-06-05 00:59:05.159 [info] > git for-each-ref --format=%(refname)%00%(upstream:short)%00%(objectname)%00%(upstream:track)%00%(upstream:remotename)%00%(upstream:remoteref) refs/heads/main refs/remotes/main [1ms]
2024-06-05 00:59:05.165 [warning] ENOENT: no such file or directory, open '/home/puhfy/Waffleblox-Website/.git/refs/remotes/origin/main'
2024-06-05 00:59:05.166 [info] > git rev-parse refs/remotes/origin/main [1ms]
2024-06-05 00:59:05.171 [info] > git status -z -uall [1ms]
2024-06-05 00:59:19.909 [info] > git config --get commit.template [1ms]
2024-06-05 00:59:19.916 [info] > git for-each-ref --format=%(refname)%00%(upstream:short)%00%(objectname)%00%(upstream:track)%00%(upstream:remotename)%00%(upstream:remoteref) refs/heads/main refs/remotes/main [1ms]
2024-06-05 00:59:19.920 [warning] ENOENT: no such file or directory, open '/home/puhfy/Waffleblox-Website/.git/refs/remotes/origin/main'
2024-06-05 00:59:19.920 [info] > git rev-parse refs/remotes/origin/main [1ms]
2024-06-05 00:59:19.925 [info] > git status -z -uall [1ms]
2024-06-05 01:00:04.593 [info] > git config --get commit.template [5ms]
2024-06-05 01:00:04.594 [info] > git for-each-ref --format=%(refname)%00%(upstream:short)%00%(objectname)%00%(upstream:track)%00%(upstream:remotename)%00%(upstream:remoteref) refs/heads/main refs/remotes/main [2ms]
2024-06-05 01:00:04.598 [warning] ENOENT: no such file or directory, open '/home/puhfy/Waffleblox-Website/.git/refs/remotes/origin/main'
2024-06-05 01:00:04.599 [info] > git rev-parse refs/remotes/origin/main [0ms]
2024-06-05 01:00:04.604 [info] > git status -z -uall [1ms]
2024-06-05 01:00:07.748 [info] > git show --textconv :index.html [5ms]
2024-06-05 01:00:07.749 [info] > git ls-files --stage -- /home/puhfy/Waffleblox-Website/index.html [1ms]
2024-06-05 01:00:07.754 [info] > git cat-file -s cce42615ea977ca6962450686489f0b504b78fcf [1ms]
2024-06-05 01:00:30.228 [info] > git show --textconv :styles.css [5ms]
2024-06-05 01:00:30.229 [info] > git ls-files --stage -- /home/puhfy/Waffleblox-Website/styles.css [1ms]
2024-06-05 01:02:35.814 [info] > git show --textconv :script.js [5ms]
2024-06-05 01:02:35.814 [info] > git ls-files --stage -- /home/puhfy/Waffleblox-Website/script.js [2ms]
2024-06-05 01:02:36.165 [info] > git show --textconv :styles.css [6ms]
2024-06-05 01:02:36.166 [info] > git ls-files --stage -- /home/puhfy/Waffleblox-Website/styles.css [1ms]
2024-06-05 01:02:38.619 [info] > git show --textconv :script.js [4ms]
2024-06-05 01:02:38.620 [info] > git ls-files --stage -- /home/puhfy/Waffleblox-Website/script.js [1ms]
2024-06-05 01:03:09.711 [info] > git show --textconv :index.html [6ms]
2024-06-05 01:03:09.711 [info] > git ls-files --stage -- /home/puhfy/Waffleblox-Website/index.html [1ms]
2024-06-05 01:03:09.716 [info] > git cat-file -s cce42615ea977ca6962450686489f0b504b78fcf [0ms]
2024-06-05 01:03:11.143 [info] > git show --textconv :styles.css [6ms]
2024-06-05 01:03:11.144 [info] > git ls-files --stage -- /home/puhfy/Waffleblox-Website/styles.css [2ms]
2024-06-05 01:03:17.942 [info] > git config --get commit.template [1ms]
2024-06-05 01:03:17.947 [info] > git for-each-ref --format=%(refname)%00%(upstream:short)%00%(objectname)%00%(upstream:track)%00%(upstream:remotename)%00%(upstream:remoteref) refs/heads/main refs/remotes/main [1ms]
2024-06-05 01:03:17.953 [warning] ENOENT: no such file or directory, open '/home/puhfy/Waffleblox-Website/.git/refs/remotes/origin/main'
2024-06-05 01:03:17.954 [info] > git rev-parse refs/remotes/origin/main [1ms]
2024-06-05 01:03:17.959 [info] > git status -z -uall [2ms]
2024-06-05 01:03:33.959 [info] > git show --textconv :script.js [4ms]
2024-06-05 01:03:33.960 [info] > git ls-files --stage -- /home/puhfy/Waffleblox-Website/script.js [1ms]
2024-06-05 01:04:10.481 [info] > git config --get commit.template [1ms]
2024-06-05 01:04:10.487 [info] > git for-each-ref --format=%(refname)%00%(upstream:short)%00%(objectname)%00%(upstream:track)%00%(upstream:remotename)%00%(upstream:remoteref) refs/heads/main refs/remotes/main [1ms]
2024-06-05 01:04:10.492 [warning] ENOENT: no such file or directory, open '/home/puhfy/Waffleblox-Website/.git/refs/remotes/origin/main'
2024-06-05 01:04:10.493 [info] > git rev-parse refs/remotes/origin/main [1ms]
2024-06-05 01:04:10.497 [info] > git status -z -uall [1ms]
2024-06-05 01:04:30.481 [info] > git config --get commit.template [5ms]
2024-06-05 01:04:30.482 [info] > git for-each-ref --format=%(refname)%00%(upstream:short)%00%(objectname)%00%(upstream:track)%00%(upstream:remotename)%00%(upstream:remoteref) refs/heads/main refs/remotes/main [2ms]
2024-06-05 01:04:30.488 [warning] ENOENT: no such file or directory, open '/home/puhfy/Waffleblox-Website/.git/refs/remotes/origin/main'
2024-06-05 01:04:30.489 [info] > git rev-parse refs/remotes/origin/main [1ms]
2024-06-05 01:04:30.494 [info] > git status -z -uall [2ms]
2024-06-05 01:04:59.888 [info] > git config --get commit.template [4ms]
2024-06-05 01:04:59.888 [info] > git for-each-ref --format=%(refname)%00%(upstream:short)%00%(objectname)%00%(upstream:track)%00%(upstream:remotename)%00%(upstream:remoteref) refs/heads/main refs/remotes/main [1ms]
2024-06-05 01:04:59.891 [warning] ENOENT: no such file or directory, open '/home/puhfy/Waffleblox-Website/.git/refs/remotes/origin/main'
2024-06-05 01:04:59.892 [info] > git rev-parse refs/remotes/origin/main [1ms]
2024-06-05 01:04:59.898 [info] > git status -z -uall [2ms]
2024-06-05 01:05:13.397 [info] > git config --get commit.template [4ms]
2024-06-05 01:05:13.397 [info] > git for-each-ref --format=%(refname)%00%(upstream:short)%00%(objectname)%00%(upstream:track)%00%(upstream:remotename)%00%(upstream:remoteref) refs/heads/main refs/remotes/main [1ms]
2024-06-05 01:05:13.401 [warning] ENOENT: no such file or directory, open '/home/puhfy/Waffleblox-Website/.git/refs/remotes/origin/main'
2024-06-05 01:05:13.402 [info] > git rev-parse refs/remotes/origin/main [1ms]
2024-06-05 01:05:13.407 [info] > git status -z -uall [1ms]
2024-06-05 01:05:25.318 [info] > git config --get commit.template [4ms]
2024-06-05 01:05:25.318 [info] > git for-each-ref --format=%(refname)%00%(upstream:short)%00%(objectname)%00%(upstream:track)%00%(upstream:remotename)%00%(upstream:remoteref) refs/heads/main refs/remotes/main [1ms]
2024-06-05 01:05:25.323 [warning] ENOENT: no such file or directory, open '/home/puhfy/Waffleblox-Website/.git/refs/remotes/origin/main'
2024-06-05 01:05:25.324 [info] > git rev-parse refs/remotes/origin/main [1ms]
2024-06-05 01:05:25.331 [info] > git status -z -uall [1ms]
2024-06-05 01:05:37.661 [info] > git config --get commit.template [9ms]
2024-06-05 01:05:37.661 [info] > git for-each-ref --format=%(refname)%00%(upstream:short)%00%(objectname)%00%(upstream:track)%00%(upstream:remotename)%00%(upstream:remoteref) refs/heads/main refs/remotes/main [1ms]
2024-06-05 01:05:37.665 [warning] ENOENT: no such file or directory, open '/home/puhfy/Waffleblox-Website/.git/refs/remotes/origin/main'
2024-06-05 01:05:37.666 [info] > git rev-parse refs/remotes/origin/main [1ms]
2024-06-05 01:05:37.670 [info] > git status -z -uall [1ms]
2024-06-05 01:05:57.026 [info] > git config --get commit.template [8ms]
2024-06-05 01:05:57.026 [info] > git for-each-ref --format=%(refname)%00%(upstream:short)%00%(objectname)%00%(upstream:track)%00%(upstream:remotename)%00%(upstream:remoteref) refs/heads/main refs/remotes/main [1ms]
2024-06-05 01:05:57.030 [warning] ENOENT: no such file or directory, open '/home/puhfy/Waffleblox-Website/.git/refs/remotes/origin/main'
2024-06-05 01:05:57.030 [info] > git rev-parse refs/remotes/origin/main [0ms]
2024-06-05 01:05:57.035 [info] > git status -z -uall [1ms]
2024-06-05 01:06:05.518 [info] > git for-each-ref --format=%(refname)%00%(upstream:short)%00%(objectname)%00%(upstream:track)%00%(upstream:remotename)%00%(upstream:remoteref) refs/heads/main refs/remotes/main [3ms]
2024-06-05 01:06:05.519 [info] > git config --get commit.template [12ms]
2024-06-05 01:06:05.526 [warning] ENOENT: no such file or directory, open '/home/puhfy/Waffleblox-Website/.git/refs/remotes/origin/main'
2024-06-05 01:06:05.529 [info] > git rev-parse refs/remotes/origin/main [3ms]
2024-06-05 01:06:05.544 [info] > git status -z -uall [2ms]
2024-06-05 01:06:14.421 [info] > git config --get commit.template [4ms]
2024-06-05 01:06:14.421 [info] > git for-each-ref --format=%(refname)%00%(upstream:short)%00%(objectname)%00%(upstream:track)%00%(upstream:remotename)%00%(upstream:remoteref) refs/heads/main refs/remotes/main [1ms]
2024-06-05 01:06:14.424 [warning] ENOENT: no such file or directory, open '/home/puhfy/Waffleblox-Website/.git/refs/remotes/origin/main'
2024-06-05 01:06:14.425 [info] > git rev-parse refs/remotes/origin/main [1ms]
2024-06-05 01:06:14.430 [info] > git status -z -uall [2ms]
2024-06-05 01:06:36.508 [info] > git config --get commit.template [4ms]
2024-06-05 01:06:36.508 [info] > git for-each-ref --format=%(refname)%00%(upstream:short)%00%(objectname)%00%(upstream:track)%00%(upstream:remotename)%00%(upstream:remoteref) refs/heads/main refs/remotes/main [1ms]
2024-06-05 01:06:36.513 [warning] ENOENT: no such file or directory, open '/home/puhfy/Waffleblox-Website/.git/refs/remotes/origin/main'
2024-06-05 01:06:36.514 [info] > git rev-parse refs/remotes/origin/main [1ms]
2024-06-05 01:06:36.520 [info] > git status -z -uall [2ms]
2024-06-05 01:06:38.872 [info] > git show --textconv :README [6ms]
2024-06-05 01:06:38.873 [info] > git ls-files --stage -- /home/puhfy/Waffleblox-Website/README [1ms]
2024-06-05 01:06:38.878 [info] > git cat-file -s a897f8c4bfdc2cf990055304aec6a1fe0879f08d [1ms]
2024-06-05 01:06:39.763 [info] > git show --textconv :script.js [6ms]
2024-06-05 01:06:39.764 [info] > git ls-files --stage -- /home/puhfy/Waffleblox-Website/script.js [2ms]
2024-06-05 01:06:40.311 [info] > git show --textconv :index.html [4ms]
2024-06-05 01:06:40.312 [info] > git ls-files --stage -- /home/puhfy/Waffleblox-Website/index.html [1ms]
2024-06-05 01:06:40.317 [info] > git cat-file -s cce42615ea977ca6962450686489f0b504b78fcf [1ms]
2024-06-05 01:06:48.266 [info] > git config --get commit.template [5ms]
2024-06-05 01:06:48.266 [info] > git for-each-ref --format=%(refname)%00%(upstream:short)%00%(objectname)%00%(upstream:track)%00%(upstream:remotename)%00%(upstream:remoteref) refs/heads/main refs/remotes/main [0ms]
2024-06-05 01:06:48.270 [warning] ENOENT: no such file or directory, open '/home/puhfy/Waffleblox-Website/.git/refs/remotes/origin/main'
2024-06-05 01:06:48.271 [info] > git rev-parse refs/remotes/origin/main [1ms]
2024-06-05 01:06:48.276 [info] > git status -z -uall [2ms]
2024-06-05 01:07:44.214 [info] > git config --get commit.template [6ms]
2024-06-05 01:07:44.215 [info] > git for-each-ref --format=%(refname)%00%(upstream:short)%00%(objectname)%00%(upstream:track)%00%(upstream:remotename)%00%(upstream:remoteref) refs/heads/main refs/remotes/main [3ms]
2024-06-05 01:07:44.218 [warning] ENOENT: no such file or directory, open '/home/puhfy/Waffleblox-Website/.git/refs/remotes/origin/main'
2024-06-05 01:07:44.219 [info] > git rev-parse refs/remotes/origin/main [1ms]
2024-06-05 01:07:44.226 [info] > git status -z -uall [3ms]
2024-06-05 01:08:01.066 [info] > git config --get commit.template [4ms]
2024-06-05 01:08:01.068 [info] > git for-each-ref --format=%(refname)%00%(upstream:short)%00%(objectname)%00%(upstream:track)%00%(upstream:remotename)%00%(upstream:remoteref) refs/heads/main refs/remotes/main [2ms]
2024-06-05 01:08:01.071 [warning] ENOENT: no such file or directory, open '/home/puhfy/Waffleblox-Website/.git/refs/remotes/origin/main'
2024-06-05 01:08:01.072 [info] > git rev-parse refs/remotes/origin/main [1ms]
2024-06-05 01:08:01.078 [info] > git status -z -uall [3ms]
2024-06-05 01:08:11.721 [info] > git config --get commit.template [5ms]
2024-06-05 01:08:11.723 [info] > git for-each-ref --format=%(refname)%00%(upstream:short)%00%(objectname)%00%(upstream:track)%00%(upstream:remotename)%00%(upstream:remoteref) refs/heads/main refs/remotes/main [2ms]
2024-06-05 01:08:11.727 [warning] ENOENT: no such file or directory, open '/home/puhfy/Waffleblox-Website/.git/refs/remotes/origin/main'
2024-06-05 01:08:11.728 [info] > git rev-parse refs/remotes/origin/main [1ms]
2024-06-05 01:08:11.735 [info] > git status -z -uall [4ms]
2024-06-05 01:08:57.606 [info] > git config --get commit.template [6ms]
2024-06-05 01:08:57.608 [info] > git for-each-ref --format=%(refname)%00%(upstream:short)%00%(objectname)%00%(upstream:track)%00%(upstream:remotename)%00%(upstream:remoteref) refs/heads/main refs/remotes/main [4ms]
2024-06-05 01:08:57.612 [warning] ENOENT: no such file or directory, open '/home/puhfy/Waffleblox-Website/.git/refs/remotes/origin/main'
2024-06-05 01:08:57.613 [info] > git rev-parse refs/remotes/origin/main [1ms]
2024-06-05 01:08:57.621 [info] > git status -z -uall [3ms]
2024-06-05 01:09:20.731 [info] > git config --get commit.template [5ms]
2024-06-05 01:09:20.732 [info] > git for-each-ref --format=%(refname)%00%(upstream:short)%00%(objectname)%00%(upstream:track)%00%(upstream:remotename)%00%(upstream:remoteref) refs/heads/main refs/remotes/main [1ms]
2024-06-05 01:09:20.737 [warning] ENOENT: no such file or directory, open '/home/puhfy/Waffleblox-Website/.git/refs/remotes/origin/main'
2024-06-05 01:09:20.738 [info] > git rev-parse refs/remotes/origin/main [1ms]
2024-06-05 01:09:20.744 [info] > git status -z -uall [1ms]
2024-06-05 01:10:00.142 [info] > git show --textconv :script.js [4ms]
2024-06-05 01:10:00.142 [info] > git ls-files --stage -- /home/puhfy/Waffleblox-Website/script.js [1ms]
2024-06-05 01:10:01.428 [info] > git show --textconv :styles.css [5ms]
2024-06-05 01:10:01.429 [info] > git ls-files --stage -- /home/puhfy/Waffleblox-Website/styles.css [1ms]
2024-06-05 01:10:14.079 [info] > git config --get commit.template [4ms]
2024-06-05 01:10:14.081 [info] > git for-each-ref --format=%(refname)%00%(upstream:short)%00%(objectname)%00%(upstream:track)%00%(upstream:remotename)%00%(upstream:remoteref) refs/heads/main refs/remotes/main [2ms]
2024-06-05 01:10:14.086 [warning] ENOENT: no such file or directory, open '/home/puhfy/Waffleblox-Website/.git/refs/remotes/origin/main'
2024-06-05 01:10:14.087 [info] > git rev-parse refs/remotes/origin/main [1ms]
2024-06-05 01:10:14.094 [info] > git status -z -uall [1ms]
2024-06-05 01:10:47.933 [info] > git config --get commit.template [4ms]
2024-06-05 01:10:47.934 [info] > git for-each-ref --format=%(refname)%00%(upstream:short)%00%(objectname)%00%(upstream:track)%00%(upstream:remotename)%00%(upstream:remoteref) refs/heads/main refs/remotes/main [2ms]
2024-06-05 01:10:47.937 [warning] ENOENT: no such file or directory, open '/home/puhfy/Waffleblox-Website/.git/refs/remotes/origin/main'
2024-06-05 01:10:47.938 [info] > git rev-parse refs/remotes/origin/main [1ms]
2024-06-05 01:10:47.943 [info] > git status -z -uall [2ms]
2024-06-05 01:10:49.831 [info] > git show --textconv :script.js [4ms]
2024-06-05 01:10:49.832 [info] > git ls-files --stage -- /home/puhfy/Waffleblox-Website/script.js [1ms]
2024-06-05 01:10:51.866 [info] > git show --textconv :styles.css [6ms]
2024-06-05 01:10:51.867 [info] > git ls-files --stage -- /home/puhfy/Waffleblox-Website/styles.css [2ms]
2024-06-05 01:10:52.303 [info] > git show --textconv :index.html [6ms]
2024-06-05 01:10:52.304 [info] > git ls-files --stage -- /home/puhfy/Waffleblox-Website/index.html [1ms]
2024-06-05 01:10:52.313 [info] > git cat-file -s cce42615ea977ca6962450686489f0b504b78fcf [3ms]
2024-06-05 01:10:58.083 [info] > git config --get commit.template [4ms]
2024-06-05 01:10:58.084 [info] > git for-each-ref --format=%(refname)%00%(upstream:short)%00%(objectname)%00%(upstream:track)%00%(upstream:remotename)%00%(upstream:remoteref) refs/heads/main refs/remotes/main [0ms]
2024-06-05 01:10:58.087 [warning] ENOENT: no such file or directory, open '/home/puhfy/Waffleblox-Website/.git/refs/remotes/origin/main'
2024-06-05 01:10:58.088 [info] > git rev-parse refs/remotes/origin/main [1ms]
2024-06-05 01:10:58.093 [info] > git status -z -uall [1ms]
2024-06-05 01:14:04.875 [info] > git config --get commit.template [11ms]
2024-06-05 01:14:04.877 [info] > git for-each-ref --format=%(refname)%00%(upstream:short)%00%(objectname)%00%(upstream:track)%00%(upstream:remotename)%00%(upstream:remoteref) refs/heads/main refs/remotes/main [7ms]
2024-06-05 01:14:04.880 [warning] ENOENT: no such file or directory, open '/home/puhfy/Waffleblox-Website/.git/refs/remotes/origin/main'
2024-06-05 01:14:04.881 [info] > git rev-parse refs/remotes/origin/main [1ms]
2024-06-05 01:14:04.889 [info] > git status -z -uall [4ms]
2024-06-05 01:14:41.737 [info] > git config --get commit.template [10ms]
2024-06-05 01:14:41.738 [info] > git for-each-ref --format=%(refname)%00%(upstream:short)%00%(objectname)%00%(upstream:track)%00%(upstream:remotename)%00%(upstream:remoteref) refs/heads/main refs/remotes/main [8ms]
2024-06-05 01:14:41.741 [warning] ENOENT: no such file or directory, open '/home/puhfy/Waffleblox-Website/.git/refs/remotes/origin/main'
2024-06-05 01:14:41.742 [info] > git rev-parse refs/remotes/origin/main [1ms]
2024-06-05 01:14:41.749 [info] > git status -z -uall [3ms]
2024-06-05 01:14:44.164 [info] > git show --textconv :script.js [6ms]
2024-06-05 01:14:44.165 [info] > git ls-files --stage -- /home/puhfy/Waffleblox-Website/script.js [2ms]
2024-06-05 01:14:45.347 [info] > git ls-files --stage -- /home/puhfy/Waffleblox-Website/styles.css [6ms]
2024-06-05 01:14:45.347 [info] > git show --textconv :styles.css [10ms]
2024-06-05 01:14:57.877 [info] > git ls-files --stage -- /home/puhfy/Waffleblox-Website/index.html [7ms]
2024-06-05 01:14:57.881 [info] > git show --textconv :index.html [15ms]
2024-06-05 01:14:57.882 [info] > git cat-file -s cce42615ea977ca6962450686489f0b504b78fcf [1ms]
2024-06-05 01:15:16.156 [info] > git config --get commit.template [14ms]
2024-06-05 01:15:16.157 [info] > git for-each-ref --format=%(refname)%00%(upstream:short)%00%(objectname)%00%(upstream:track)%00%(upstream:remotename)%00%(upstream:remoteref) refs/heads/main refs/remotes/main [12ms]
2024-06-05 01:15:16.162 [warning] ENOENT: no such file or directory, open '/home/puhfy/Waffleblox-Website/.git/refs/remotes/origin/main'
2024-06-05 01:15:16.163 [info] > git rev-parse refs/remotes/origin/main [1ms]
2024-06-05 01:15:16.170 [info] > git status -z -uall [4ms]
2024-06-05 01:15:16.509 [info] > git show --textconv :styles.css [5ms]
2024-06-05 01:15:16.510 [info] > git ls-files --stage -- /home/puhfy/Waffleblox-Website/styles.css [1ms]
2024-06-05 01:17:26.457 [info] > git config --get commit.template [9ms]
2024-06-05 01:17:26.458 [info] > git for-each-ref --format=%(refname)%00%(upstream:short)%00%(objectname)%00%(upstream:track)%00%(upstream:remotename)%00%(upstream:remoteref) refs/heads/main refs/remotes/main [7ms]
2024-06-05 01:17:26.462 [warning] ENOENT: no such file or directory, open '/home/puhfy/Waffleblox-Website/.git/refs/remotes/origin/main'
2024-06-05 01:17:26.464 [info] > git rev-parse refs/remotes/origin/main [2ms]
2024-06-05 01:17:26.473 [info] > git status -z -uall [5ms]
2024-06-05 01:17:52.758 [info] > git ls-files --stage -- /home/puhfy/Waffleblox-Website/index.html [6ms]
2024-06-05 01:17:52.762 [info] > git show --textconv :index.html [16ms]
2024-06-05 01:17:52.763 [info] > git cat-file -s cce42615ea977ca6962450686489f0b504b78fcf [1ms]
2024-06-05 01:18:43.404 [info] > git config --get commit.template [8ms]
2024-06-05 01:18:43.405 [info] > git for-each-ref --format=%(refname)%00%(upstream:short)%00%(objectname)%00%(upstream:track)%00%(upstream:remotename)%00%(upstream:remoteref) refs/heads/main refs/remotes/main [7ms]
2024-06-05 01:18:43.408 [warning] ENOENT: no such file or directory, open '/home/puhfy/Waffleblox-Website/.git/refs/remotes/origin/main'
2024-06-05 01:18:43.409 [info] > git rev-parse refs/remotes/origin/main [1ms]
2024-06-05 01:18:43.416 [info] > git status -z -uall [4ms]
2024-06-05 01:18:47.017 [info] > git show --textconv :script.js [5ms]
2024-06-05 01:18:47.018 [info] > git ls-files --stage -- /home/puhfy/Waffleblox-Website/script.js [2ms]
2024-06-05 01:19:36.968 [info] > git config --get commit.template [8ms]
2024-06-05 01:19:36.970 [info] > git for-each-ref --format=%(refname)%00%(upstream:short)%00%(objectname)%00%(upstream:track)%00%(upstream:remotename)%00%(upstream:remoteref) refs/heads/main refs/remotes/main [6ms]
2024-06-05 01:19:36.974 [warning] ENOENT: no such file or directory, open '/home/puhfy/Waffleblox-Website/.git/refs/remotes/origin/main'
2024-06-05 01:19:36.975 [info] > git rev-parse refs/remotes/origin/main [1ms]
2024-06-05 01:19:36.982 [info] > git status -z -uall [4ms]
2024-06-05 01:19:39.085 [info] > git show --textconv :index.html [5ms]
2024-06-05 01:19:39.085 [info] > git ls-files --stage -- /home/puhfy/Waffleblox-Website/index.html [1ms]
2024-06-05 01:19:39.089 [info] > git cat-file -s cce42615ea977ca6962450686489f0b504b78fcf [1ms]
2024-06-05 01:19:40.754 [info] > git show --textconv :styles.css [5ms]
2024-06-05 01:19:40.755 [info] > git ls-files --stage -- /home/puhfy/Waffleblox-Website/styles.css [1ms]
2024-06-05 01:19:41.747 [info] > git merge-base refs/heads/main refs/remotes/origin/main [1ms]
2024-06-05 01:19:41.753 [info] > git rev-list --count --left-right refs/heads/main...refs/remotes/origin/main [2ms]
2024-06-05 01:24:44.232 [info] > git config --get commit.template [16ms]
2024-06-05 01:24:44.234 [info] > git for-each-ref --format=%(refname)%00%(upstream:short)%00%(objectname)%00%(upstream:track)%00%(upstream:remotename)%00%(upstream:remoteref) refs/heads/main refs/remotes/main [11ms]
2024-06-05 01:24:44.243 [info] > git status -z -uall [5ms]
2024-06-05 01:24:44.257 [info] > git merge-base refs/heads/main refs/remotes/origin/main [8ms]
2024-06-05 01:24:44.262 [info] > git ls-files --stage -- /home/puhfy/Waffleblox-Website/styles.css [5ms]
2024-06-05 01:24:44.267 [info] > git rev-list --count --left-right refs/heads/main...refs/remotes/origin/main [5ms]
2024-06-05 01:24:44.271 [info] > git cat-file -s 2a78c0d02de619f5aeae7b482b556ac4c19faa69 [5ms]
2024-06-05 01:24:44.272 [info] > git diff --name-status -z --diff-filter=ADMR b5b4746f85690b3c57a00ab9ca13f06f9505916d...refs/remotes/origin/main [1ms]
2024-06-05 01:24:44.284 [info] > git merge-base refs/heads/main refs/remotes/origin/main [1ms]
2024-06-05 01:24:44.298 [info] > git rev-list --count --left-right refs/heads/main...refs/remotes/origin/main [8ms]
2024-06-05 01:24:44.301 [info] > git show --textconv :styles.css [4ms]
2024-06-05 01:24:52.397 [info] > git config --get commit.template [12ms]
2024-06-05 01:24:52.397 [info] > git for-each-ref --format=%(refname)%00%(upstream:short)%00%(objectname)%00%(upstream:track)%00%(upstream:remotename)%00%(upstream:remoteref) refs/heads/main refs/remotes/main [9ms]
2024-06-05 01:24:52.405 [info] > git status -z -uall [4ms]
