2024-06-04 22:05:56.144 [info] Added views:workbench.panel.markers.view in workbench.panel.markers
2024-06-04 22:05:56.144 [info] Added views:workbench.panel.output in workbench.panel.output
2024-06-04 22:05:56.144 [info] Added views:terminal in terminal
2024-06-04 22:05:56.144 [info] Added views:outline in workbench.view.explorer
2024-06-04 22:05:56.144 [info] Added views:workbench.scm in workbench.view.scm
2024-06-04 22:05:56.144 [info] Added views:workbench.view.search in workbench.view.search
2024-06-04 22:05:56.144 [info] Added views:timeline in workbench.view.explorer
2024-06-04 22:05:56.144 [info] Added views:workbench.explorer.fileView in workbench.view.explorer
2024-06-04 22:05:56.601 [info] Added views:workbench.debug.variablesView,workbench.debug.watchExpressionsView,workbench.debug.callStackView,workbench.debug.breakPointsView in workbench.view.debug
2024-06-04 22:05:56.628 [info] Added views:workbench.panel.repl.view in workbench.panel.repl
2024-06-04 22:05:56.631 [info] Removed views:workbench.debug.breakPointsView,workbench.debug.callStackView,workbench.debug.watchExpressionsView,workbench.debug.variablesView from workbench.view.debug
2024-06-04 22:05:56.631 [info] Added views:workbench.debug.welcome in workbench.view.debug
2024-06-04 22:05:56.881 [info] Added views:~remote.forwardedPorts in ~remote.forwardedPortsContainer
2024-06-04 22:10:02.186 [info] Added views:workbench.views.extensions.installed,workbench.views.extensions.popular,extensions.recommendedList in workbench.view.extensions
2024-06-04 22:10:02.188 [info] Removed views:workbench.views.extensions.popular from workbench.view.extensions
2024-06-04 22:10:03.590 [info] Removed views:extensions.recommendedList,workbench.views.extensions.installed from workbench.view.extensions
2024-06-04 22:10:03.595 [info] Added views:workbench.views.extensions.marketplace in workbench.view.extensions
2024-06-04 22:10:14.333 [info] Removed views:workbench.views.extensions.marketplace from workbench.view.extensions
2024-06-04 22:10:14.341 [info] Added views:workbench.views.extensions.installed,extensions.recommendedList in workbench.view.extensions
2024-06-04 22:10:15.912 [info] Removed views:extensions.recommendedList,workbench.views.extensions.installed from workbench.view.extensions
2024-06-04 22:10:15.919 [info] Added views:workbench.views.extensions.marketplace in workbench.view.extensions
2024-06-04 22:10:20.672 [info] Removed views:workbench.views.extensions.marketplace from workbench.view.extensions
2024-06-04 22:10:20.713 [info] Added views:workbench.views.extensions.installed,extensions.recommendedList in workbench.view.extensions
2024-06-04 22:10:23.010 [info] Removed views:extensions.recommendedList,workbench.views.extensions.installed from workbench.view.extensions
2024-06-04 22:10:23.014 [info] Added views:workbench.views.extensions.marketplace in workbench.view.extensions
2024-06-04 22:10:32.566 [info] Removed views:workbench.views.extensions.marketplace from workbench.view.extensions
2024-06-04 22:10:32.608 [info] Added views:workbench.views.extensions.installed,extensions.recommendedList in workbench.view.extensions
2024-06-04 22:10:36.240 [info] Removed views:extensions.recommendedList,workbench.views.extensions.installed from workbench.view.extensions
2024-06-04 22:10:36.246 [info] Added views:workbench.views.extensions.marketplace in workbench.view.extensions
2024-06-04 22:16:05.101 [info] Removed views:workbench.views.extensions.marketplace from workbench.view.extensions
2024-06-04 22:16:05.108 [info] Added views:workbench.views.extensions.installed,extensions.recommendedList in workbench.view.extensions
2024-06-04 22:16:07.708 [info] Removed views:extensions.recommendedList,workbench.views.extensions.installed from workbench.view.extensions
2024-06-04 22:16:07.713 [info] Added views:workbench.views.extensions.marketplace in workbench.view.extensions
