2024-06-05T03:08:06.446Z 0: 

----------------------------------------------
2024-06-05T03:08:06.456Z 1: Discord starting: {"releaseChannel":"stable","version":"0.0.55"}, modulepath: /home/puhfy/.config/discord/0.0.55/modules
2024-06-05T03:08:06.460Z 2: ✅ webContents.created web1 ""
2024-06-05T03:08:06.475Z 3: ✅ window.created win1 "discord"
2024-06-05T03:08:06.891Z 4: ✅ webContents.did-finish-load web1
2024-06-05T03:08:19.064Z 5: ✅ webContents.created web2 ""
2024-06-05T03:08:19.207Z 6: ✅ window.created win2 "Discord"
2024-06-05T03:08:21.008Z 7: ✅ webContents.did-finish-load web2
2024-06-05T03:08:21.108Z 8: window.close win1
2024-06-05T03:08:21.221Z 9: webContents.destroyed web1
2024-06-05T03:08:21.225Z 10: window.closed win1
2024-06-05T07:06:07.311Z 11: before-quit
2024-06-05T20:07:19.781Z 0: 

----------------------------------------------
2024-06-05T20:07:19.795Z 1: Discord starting: {"releaseChannel":"stable","version":"0.0.55"}, modulepath: /home/puhfy/.config/discord/0.0.55/modules
2024-06-05T20:07:19.806Z 2: ✅ webContents.created web1 ""
2024-06-05T20:07:19.809Z 3: ✅ window.created win1 "discord"
2024-06-05T20:07:20.274Z 4: ✅ webContents.did-finish-load web1
2024-06-05T20:07:20.658Z 5: ✅ webContents.created web2 ""
2024-06-05T20:07:20.817Z 6: ✅ window.created win2 "Discord"
2024-06-05T20:07:25.192Z 7: ✅ webContents.did-finish-load web2
2024-06-05T20:07:25.292Z 8: window.close win1
2024-06-05T20:07:25.348Z 9: webContents.destroyed web1
2024-06-05T20:07:25.352Z 10: window.closed win1
2024-06-06T03:18:48.898Z 0: 

----------------------------------------------
2024-06-06T03:18:48.911Z 1: Discord starting: {"releaseChannel":"stable","version":"0.0.55"}, modulepath: /home/puhfy/.config/discord/0.0.55/modules
2024-06-06T03:18:48.923Z 2: ✅ webContents.created web1 ""
2024-06-06T03:18:48.925Z 3: ✅ window.created win1 "discord"
2024-06-06T03:18:49.350Z 4: ✅ webContents.did-finish-load web1
2024-06-06T03:18:49.832Z 5: ✅ webContents.created web2 ""
2024-06-06T03:18:49.930Z 6: ✅ window.created win2 "Discord"
2024-06-06T03:18:51.682Z 7: ✅ webContents.did-finish-load web2
2024-06-06T03:18:51.783Z 8: window.close win1
2024-06-06T03:18:51.822Z 9: webContents.destroyed web1
2024-06-06T03:18:51.826Z 10: window.closed win1
2024-06-06T03:19:01.376Z 11: before-quit
2024-06-06T03:19:53.722Z 0: 

----------------------------------------------
2024-06-06T03:19:53.736Z 1: Discord starting: {"releaseChannel":"stable","version":"0.0.55"}, modulepath: /home/puhfy/.config/discord/0.0.55/modules
2024-06-06T03:19:53.751Z 2: ✅ webContents.created web1 ""
2024-06-06T03:19:53.754Z 3: ✅ window.created win1 "discord"
2024-06-06T03:19:54.217Z 4: ✅ webContents.did-finish-load web1
2024-06-06T03:19:54.555Z 5: ✅ webContents.created web2 ""
2024-06-06T03:19:54.651Z 6: ✅ window.created win2 "Discord"
2024-06-06T03:19:56.382Z 7: ✅ webContents.did-finish-load web2
2024-06-06T03:19:56.471Z 8: window.close win1
2024-06-06T03:19:56.521Z 9: webContents.destroyed web1
2024-06-06T03:19:56.530Z 10: window.closed win1
2024-06-06T03:24:02.045Z 11: before-quit
2024-06-06T03:24:50.267Z 0: 

----------------------------------------------
2024-06-06T03:24:50.281Z 1: Discord starting: {"releaseChannel":"stable","version":"0.0.55"}, modulepath: /home/puhfy/.config/discord/0.0.55/modules
2024-06-06T03:24:50.294Z 2: ✅ webContents.created web1 ""
2024-06-06T03:24:50.296Z 3: ✅ window.created win1 "discord"
2024-06-06T03:24:50.691Z 4: ✅ webContents.did-finish-load web1
2024-06-06T03:24:51.089Z 5: ✅ webContents.created web2 ""
2024-06-06T03:24:51.101Z 6: ✅ window.created win2 "Discord"
2024-06-06T03:24:52.740Z 7: ✅ webContents.did-finish-load web2
2024-06-06T03:24:52.840Z 8: window.close win1
2024-06-06T03:24:52.852Z 9: webContents.destroyed web1
2024-06-06T03:24:52.854Z 10: window.closed win1
2024-06-06T04:00:33.315Z 11: window.close win2
2024-06-06T04:00:45.699Z 0: 

----------------------------------------------
2024-06-06T04:00:45.716Z 1: Discord starting: {"releaseChannel":"stable","version":"0.0.55"}, modulepath: /home/puhfy/.config/discord/0.0.55/modules
2024-06-06T04:53:41.008Z 12: ❌ child-process-gone {
  type: 'Utility',
  reason: 'killed',
  exitCode: 15,
  serviceName: 'audio.mojom.AudioService',
  name: 'Audio Service'
}
2024-06-06T04:54:07.455Z 0: 

----------------------------------------------
2024-06-06T04:54:07.468Z 1: Discord starting: {"releaseChannel":"stable","version":"0.0.55"}, modulepath: /home/puhfy/.config/discord/0.0.55/modules
2024-06-06T04:54:07.481Z 2: ✅ webContents.created web1 ""
2024-06-06T04:54:07.483Z 3: ✅ window.created win1 "discord"
2024-06-06T04:54:07.847Z 4: ✅ webContents.did-finish-load web1
2024-06-06T04:54:08.273Z 5: ✅ webContents.created web2 ""
2024-06-06T04:54:08.284Z 6: ✅ window.created win2 "Discord"
2024-06-06T04:54:09.898Z 7: ✅ webContents.did-finish-load web2
2024-06-06T04:54:09.998Z 8: window.close win1
2024-06-06T04:54:10.006Z 9: webContents.destroyed web1
2024-06-06T04:54:10.008Z 10: window.closed win1
2024-06-06T05:48:50.413Z 0: 

----------------------------------------------
2024-06-06T05:48:50.425Z 1: Discord starting: {"releaseChannel":"stable","version":"0.0.55"}, modulepath: /home/puhfy/.config/discord/0.0.55/modules
2024-06-06T05:48:50.437Z 2: ✅ webContents.created web1 ""
2024-06-06T05:48:50.441Z 3: ✅ window.created win1 "discord"
2024-06-06T05:48:50.753Z 4: ✅ webContents.did-finish-load web1
2024-06-06T05:48:51.313Z 5: ✅ webContents.created web2 ""
2024-06-06T05:48:51.324Z 6: ✅ window.created win2 "Discord"
2024-06-06T05:48:52.901Z 7: ✅ webContents.did-finish-load web2
2024-06-06T05:48:53.001Z 8: window.close win1
2024-06-06T05:48:53.015Z 9: webContents.destroyed web1
2024-06-06T05:48:53.018Z 10: window.closed win1
2024-06-06T05:48:56.953Z 11: before-quit
2024-06-06T05:48:56.955Z 12: window.close win2
2024-06-06T05:48:56.958Z 13: webContents.destroyed web2
2024-06-06T05:49:11.818Z 0: 

----------------------------------------------
2024-06-06T05:49:11.830Z 1: Discord starting: {"releaseChannel":"stable","version":"0.0.55"}, modulepath: /home/puhfy/.config/discord/0.0.55/modules
2024-06-06T05:49:11.842Z 2: ✅ webContents.created web1 ""
2024-06-06T05:49:11.844Z 3: ✅ window.created win1 "discord"
2024-06-06T05:49:12.173Z 4: ✅ webContents.did-finish-load web1
2024-06-06T05:49:12.626Z 5: ✅ webContents.created web2 ""
2024-06-06T05:49:12.638Z 6: ✅ window.created win2 "Discord"
2024-06-06T05:49:14.124Z 7: ✅ webContents.did-finish-load web2
2024-06-06T05:49:14.226Z 8: window.close win1
2024-06-06T05:49:14.233Z 9: webContents.destroyed web1
2024-06-06T05:49:14.236Z 10: window.closed win1
2024-06-06T06:49:59.326Z 0: 

----------------------------------------------
2024-06-06T06:49:59.340Z 1: Discord starting: {"releaseChannel":"stable","version":"0.0.55"}, modulepath: /home/puhfy/.config/discord/0.0.55/modules
2024-06-06T06:49:59.359Z 2: ✅ webContents.created web1 ""
2024-06-06T06:49:59.364Z 3: ✅ window.created win1 "discord"
2024-06-06T06:49:59.840Z 4: ✅ webContents.did-finish-load web1
2024-06-06T06:49:59.984Z 5: ✅ webContents.created web2 ""
2024-06-06T06:50:00.082Z 6: ✅ window.created win2 "Discord"
2024-06-06T06:50:01.572Z 7: ✅ webContents.did-finish-load web2
2024-06-06T06:50:01.670Z 8: window.close win1
2024-06-06T06:50:01.753Z 9: webContents.destroyed web1
2024-06-06T06:50:01.756Z 10: window.closed win1
2024-06-06T07:27:39.844Z 11: before-quit
2024-06-06T07:27:39.848Z 12: window.close win2
2024-06-06T07:28:52.837Z 0: 

----------------------------------------------
2024-06-06T07:28:52.851Z 1: Discord starting: {"releaseChannel":"stable","version":"0.0.55"}, modulepath: /home/puhfy/.config/discord/0.0.55/modules
2024-06-06T07:28:52.865Z 2: ✅ webContents.created web1 ""
2024-06-06T07:28:52.868Z 3: ✅ window.created win1 "discord"
2024-06-06T07:28:53.230Z 4: ✅ webContents.did-finish-load web1
2024-06-06T07:28:53.776Z 5: ✅ webContents.created web2 ""
2024-06-06T07:28:53.788Z 6: ✅ window.created win2 "Discord"
2024-06-06T07:28:55.398Z 7: ✅ webContents.did-finish-load web2
2024-06-06T07:28:55.498Z 8: window.close win1
2024-06-06T07:28:55.509Z 9: webContents.destroyed web1
2024-06-06T07:28:55.511Z 10: window.closed win1
2024-06-06T07:30:04.387Z 11: webContents.destroyed web2
2024-06-06T07:31:14.006Z 0: 

----------------------------------------------
2024-06-06T07:31:14.021Z 1: Discord starting: {"releaseChannel":"stable","version":"0.0.55"}, modulepath: /home/puhfy/.config/discord/0.0.55/modules
2024-06-06T07:31:14.037Z 2: ✅ webContents.created web1 ""
2024-06-06T07:31:14.039Z 3: ✅ window.created win1 "discord"
2024-06-06T07:31:14.408Z 4: ✅ webContents.did-finish-load web1
2024-06-06T07:31:14.912Z 5: ✅ webContents.created web2 ""
2024-06-06T07:31:15.003Z 6: ✅ window.created win2 "Discord"
2024-06-06T07:31:16.585Z 7: ✅ webContents.did-finish-load web2
2024-06-06T07:31:16.683Z 8: window.close win1
2024-06-06T07:31:16.775Z 9: webContents.destroyed web1
2024-06-06T07:31:16.777Z 10: window.closed win1
